-------------------------------------------------------------------------------
Test set: com.example.circuit_simulator.TranSimulationTest
-------------------------------------------------------------------------------
Tests run: 15, Failures: 1, Errors: 0, Skipped: 0, Time elapsed: 8.217 s <<< FAILURE! -- in com.example.circuit_simulator.TranSimulationTest
com.example.circuit_simulator.TranSimulationTest.cpL25IdleWithMasterClosedRunsGreenChargeTran -- Time elapsed: 0.028 s <<< FAILURE!
org.opentest4j.AssertionFailedError: Green LED should pulse when master switch is ON, was 8.0E-4 ==> expected: <true> but was: <false>
	at org.junit.jupiter.api.AssertionFailureBuilder.build(AssertionFailureBuilder.java:151)
	at org.junit.jupiter.api.AssertionFailureBuilder.buildAndThrow(AssertionFailureBuilder.java:132)
	at org.junit.jupiter.api.AssertTrue.failNotTrue(AssertTrue.java:63)
	at org.junit.jupiter.api.AssertTrue.assertTrue(AssertTrue.java:36)
	at org.junit.jupiter.api.Assertions.assertTrue(Assertions.java:214)
	at com.example.circuit_simulator.TranSimulationTest.cpL25IdleWithMasterClosedRunsGreenChargeTran(TranSimulationTest.java:380)
	at java.base/java.lang.reflect.Method.invoke(Method.java:580)
	at java.base/java.util.ArrayList.forEach(ArrayList.java:1596)
	at java.base/java.util.ArrayList.forEach(ArrayList.java:1596)

