<?xml version="1.0" encoding="UTF-8"?>
<testsuite xmlns:xsi="http://www.w3.org/2001/XMLSchema-instance" xsi:noNamespaceSchemaLocation="https://maven.apache.org/surefire/maven-surefire-plugin/xsd/surefire-test-report-3.0.xsd" version="3.0" name="com.example.circuit_simulator.DiL48ProbeTest" time="7.287" tests="1" errors="0" skipped="0" failures="0">
  <properties>
[...]
</properties>
  <testcase name="probe" classname="com.example.circuit_simulator.DiL48ProbeTest" time="0.567">
    <system-out><![CDATA[21:02:30.873 [main] INFO org.springframework.test.context.support.AnnotationConfigContextLoaderUtils -- Could not detect default configuration classes for test class [com.example.circuit_simulator.DiL48ProbeTest]: DiL48ProbeTest does not declare any static, non-private, non-final, nested classes annotated with @Configuration.
21:02:30.995 [main] INFO org.springframework.boot.test.context.SpringBootTestContextBootstrapper -- Found @SpringBootConfiguration com.example.circuit_simulator.CircuitSimulatorApplication for test class com.example.circuit_simulator.DiL48ProbeTest

  .   ____          _            __ _ _
 /\\ / ___'_ __ _ _(_)_ __  __ _ \ \ \ \
( ( )\___ | '_ | '_| | '_ \/ _` | \ \ \ \
 \\/  ___)| |_)| | | | | || (_| |  ) ) ) )
  '  |____| .__|_| |_|_| |_\__, | / / / /
 =========|_|==============|___/=/_/_/_/
 :: Spring Boot ::                (v3.2.0)

2026-07-21T21:02:31.541+04:00  INFO 590768 --- [circuit-simulator] [           main] c.e.circuit_simulator.DiL48ProbeTest     : Starting DiL48ProbeTest using Java 21.0.11 with PID 590768 (started by sandro in /home/sandro/final-project/interactive-circuit-platform/backend)
2026-07-21T21:02:31.543+04:00  INFO 590768 --- [circuit-simulator] [           main] c.e.circuit_simulator.DiL48ProbeTest     : No active profile set, falling back to 1 default profile: "default"
2026-07-21T21:02:32.443+04:00  INFO 590768 --- [circuit-simulator] [           main] .s.d.r.c.RepositoryConfigurationDelegate : Bootstrapping Spring Data JPA repositories in DEFAULT mode.
2026-07-21T21:02:32.512+04:00  INFO 590768 --- [circuit-simulator] [           main] .s.d.r.c.RepositoryConfigurationDelegate : Finished Spring Data repository scanning in 63 ms. Found 7 JPA repository interfaces.
2026-07-21T21:02:33.072+04:00  INFO 590768 --- [circuit-simulator] [           main] o.hibernate.jpa.internal.util.LogHelper  : HHH000204: Processing PersistenceUnitInfo [name: default]
2026-07-21T21:02:33.119+04:00  INFO 590768 --- [circuit-simulator] [           main] org.hibernate.Version                    : HHH000412: Hibernate ORM core version 6.3.1.Final
2026-07-21T21:02:33.144+04:00  INFO 590768 --- [circuit-simulator] [           main] o.h.c.internal.RegionFactoryInitiator    : HHH000026: Second-level cache disabled
2026-07-21T21:02:33.226+04:00  INFO 590768 --- [circuit-simulator] [           main] com.zaxxer.hikari.HikariDataSource       : HikariPool-1 - Starting...
2026-07-21T21:02:33.410+04:00  INFO 590768 --- [circuit-simulator] [           main] com.zaxxer.hikari.pool.HikariPool        : HikariPool-1 - Added connection org.postgresql.jdbc.PgConnection@336f49a1
2026-07-21T21:02:33.412+04:00  INFO 590768 --- [circuit-simulator] [           main] com.zaxxer.hikari.HikariDataSource       : HikariPool-1 - Start completed.
2026-07-21T21:02:33.663+04:00  INFO 590768 --- [circuit-simulator] [           main] o.s.o.j.p.SpringPersistenceUnitInfo      : No LoadTimeWeaver setup: ignoring JPA class transformer
2026-07-21T21:02:34.539+04:00  INFO 590768 --- [circuit-simulator] [           main] o.h.e.t.j.p.i.JtaPlatformInitiator       : HHH000489: No JTA platform available (set 'hibernate.transaction.jta.platform' to enable JTA platform integration)
2026-07-21T21:02:34.647+04:00  INFO 590768 --- [circuit-simulator] [           main] j.LocalContainerEntityManagerFactoryBean : Initialized JPA EntityManagerFactory for persistence unit 'default'
2026-07-21T21:02:35.018+04:00  INFO 590768 --- [circuit-simulator] [           main] o.s.d.j.r.query.QueryEnhancerFactory     : Hibernate is in classpath; If applicable, HQL parser will be used.
2026-07-21T21:02:35.899+04:00  WARN 590768 --- [circuit-simulator] [           main] JpaBaseConfiguration$JpaWebConfiguration : spring.jpa.open-in-view is enabled by default. Therefore, database queries may be performed during view rendering. Explicitly configure spring.jpa.open-in-view to disable this warning
2026-07-21T21:02:35.924+04:00  WARN 590768 --- [circuit-simulator] [           main] .s.s.UserDetailsServiceAutoConfiguration : 

Using generated security password: f4a51393-2836-4425-88d2-8b7ed80251fd

This generated password is for development use only. Your security configuration must be updated before running your application in production.

2026-07-21T21:02:36.179+04:00  INFO 590768 --- [circuit-simulator] [           main] o.s.s.web.DefaultSecurityFilterChain     : Will secure any request with [org.springframework.security.web.session.DisableEncodeUrlFilter@7a62e096, org.springframework.security.web.context.request.async.WebAsyncManagerIntegrationFilter@426d7d23, org.springframework.security.web.context.SecurityContextHolderFilter@37acf9b1, org.springframework.security.web.header.HeaderWriterFilter@62ae5180, org.springframework.web.filter.CorsFilter@478d1193, org.springframework.security.web.authentication.logout.LogoutFilter@66d0d5ee, org.springframework.security.web.savedrequest.RequestCacheAwareFilter@5546a9e0, org.springframework.security.web.servletapi.SecurityContextHolderAwareRequestFilter@1c027237, org.springframework.security.web.authentication.AnonymousAuthenticationFilter@2a03b87, org.springframework.security.web.access.ExceptionTranslationFilter@4e92c6c2, org.springframework.security.web.access.intercept.AuthorizationFilter@521d455c]
2026-07-21T21:02:36.616+04:00  INFO 590768 --- [circuit-simulator] [           main] c.e.circuit_simulator.DiL48ProbeTest     : Started DiL48ProbeTest in 5.473 seconds (process running for 6.54)
Hibernate: 
    select
        c1_0.id,
        c1_0.code,
        c1_0.display_order,
        c1_0.title_en,
        c1_0.title_ka 
    from
        chapters c1_0 
    where
        c1_0.code=?
Hibernate: 
    select
        c1_0.id,
        c1_0.code,
        c1_0.display_order,
        c1_0.title_en,
        c1_0.title_ka 
    from
        chapters c1_0 
    where
        c1_0.id=?
Hibernate: 
    select
        c1_0.id,
        c1_0.code,
        c1_0.display_order,
        c1_0.title_en,
        c1_0.title_ka 
    from
        chapters c1_0 
    where
        c1_0.code=?
Hibernate: 
    select
        c1_0.id,
        c1_0.code,
        c1_0.display_order,
        c1_0.title_en,
        c1_0.title_ka 
    from
        chapters c1_0 
    where
        c1_0.id=?
Hibernate: 
    select
        c1_0.id,
        c1_0.code,
        c1_0.display_order,
        c1_0.title_en,
        c1_0.title_ka 
    from
        chapters c1_0 
    where
        c1_0.code=?
Hibernate: 
    select
        c1_0.id,
        c1_0.code,
        c1_0.display_order,
        c1_0.title_en,
        c1_0.title_ka 
    from
        chapters c1_0 
    where
        c1_0.id=?
Hibernate: 
    select
        c1_0.id,
        c1_0.code,
        c1_0.display_order,
        c1_0.title_en,
        c1_0.title_ka 
    from
        chapters c1_0 
    where
        c1_0.code=?
Hibernate: 
    select
        c1_0.id,
        c1_0.code,
        c1_0.display_order,
        c1_0.title_en,
        c1_0.title_ka 
    from
        chapters c1_0 
    where
        c1_0.id=?
Hibernate: 
    select
        c1_0.id,
        c1_0.code,
        c1_0.display_order,
        c1_0.title_en,
        c1_0.title_ka 
    from
        chapters c1_0 
    where
        c1_0.code=?
Hibernate: 
    select
        c1_0.id,
        c1_0.code,
        c1_0.display_order,
        c1_0.title_en,
        c1_0.title_ka 
    from
        chapters c1_0 
    where
        c1_0.id=?
Hibernate: 
    select
        c1_0.id,
        c1_0.code,
        c1_0.display_order,
        c1_0.title_en,
        c1_0.title_ka 
    from
        chapters c1_0 
    where
        c1_0.code=?
Hibernate: 
    select
        c1_0.id,
        c1_0.code,
        c1_0.display_order,
        c1_0.title_en,
        c1_0.title_ka 
    from
        chapters c1_0 
    where
        c1_0.id=?
Hibernate: 
    select
        c1_0.id,
        c1_0.code,
        c1_0.display_order,
        c1_0.title_en,
        c1_0.title_ka 
    from
        chapters c1_0 
    where
        c1_0.code=?
Hibernate: 
    select
        c1_0.id,
        c1_0.code,
        c1_0.display_order,
        c1_0.title_en,
        c1_0.title_ka 
    from
        chapters c1_0 
    where
        c1_0.id=?
Hibernate: 
    select
        c1_0.id,
        c1_0.code,
        c1_0.display_order,
        c1_0.title_en,
        c1_0.title_ka 
    from
        chapters c1_0 
    where
        c1_0.code=?
Hibernate: 
    select
        c1_0.id,
        c1_0.code,
        c1_0.display_order,
        c1_0.title_en,
        c1_0.title_ka 
    from
        chapters c1_0 
    where
        c1_0.id=?
Hibernate: 
    select
        c1_0.id,
        c1_0.code,
        c1_0.display_order,
        c1_0.title_en,
        c1_0.title_ka 
    from
        chapters c1_0 
    where
        c1_0.code=?
Hibernate: 
    select
        c1_0.id,
        c1_0.code,
        c1_0.display_order,
        c1_0.title_en,
        c1_0.title_ka 
    from
        chapters c1_0 
    where
        c1_0.id=?
Hibernate: 
    select
        c1_0.id,
        c1_0.code,
        c1_0.display_order,
        c1_0.title_en,
        c1_0.title_ka 
    from
        chapters c1_0 
    where
        c1_0.code=?
Hibernate: 
    select
        c1_0.id,
        c1_0.code,
        c1_0.display_order,
        c1_0.title_en,
        c1_0.title_ka 
    from
        chapters c1_0 
    where
        c1_0.id=?
Hibernate: 
    select
        c1_0.id,
        c1_0.code,
        c1_0.display_order,
        c1_0.title_en,
        c1_0.title_ka 
    from
        chapters c1_0 
    where
        c1_0.code=?
Hibernate: 
    select
        c1_0.id,
        c1_0.code,
        c1_0.display_order,
        c1_0.title_en,
        c1_0.title_ka 
    from
        chapters c1_0 
    where
        c1_0.id=?
Hibernate: 
    select
        c1_0.id,
        c1_0.code,
        c1_0.display_order,
        c1_0.title_en,
        c1_0.title_ka 
    from
        chapters c1_0 
    where
        c1_0.code=?
Hibernate: 
    select
        c1_0.id,
        c1_0.code,
        c1_0.display_order,
        c1_0.title_en,
        c1_0.title_ka 
    from
        chapters c1_0 
    where
        c1_0.id=?
Hibernate: 
    select
        c1_0.id,
        c1_0.code,
        c1_0.display_order,
        c1_0.title_en,
        c1_0.title_ka 
    from
        chapters c1_0 
    where
        c1_0.code=?
Hibernate: 
    select
        c1_0.id,
        c1_0.code,
        c1_0.display_order,
        c1_0.title_en,
        c1_0.title_ka 
    from
        chapters c1_0 
    where
        c1_0.id=?
Hibernate: 
    select
        c1_0.id,
        c1_0.code,
        c1_0.display_order,
        c1_0.title_en,
        c1_0.title_ka 
    from
        chapters c1_0 
    where
        c1_0.code=?
Hibernate: 
    select
        c1_0.id,
        c1_0.code,
        c1_0.display_order,
        c1_0.title_en,
        c1_0.title_ka 
    from
        chapters c1_0 
    where
        c1_0.id=?
Chapters seeded.
Hibernate: 
    select
        c1_0.id,
        c1_0.code,
        c1_0.display_order,
        c1_0.title_en,
        c1_0.title_ka 
    from
        chapters c1_0 
    where
        c1_0.code=?
Hibernate: 
    select
        p1_0.id,
        p1_0.chapter_id,
        p1_0.code,
        p1_0.created_at,
        p1_0.description,
        p1_0.difficulty,
        p1_0.display_order,
        p1_0.hint,
        p1_0.methodology,
        p1_0.questions,
        p1_0.title,
        p1_0.updated_at 
    from
        problems p1_0 
    where
        p1_0.code=?
Hibernate: 
    select
        c1_0.id,
        c1_0.code,
        c1_0.display_order,
        c1_0.title_en,
        c1_0.title_ka 
    from
        chapters c1_0 
    where
        c1_0.code=?
Hibernate: 
    select
        p1_0.id,
        p1_0.chapter_id,
        p1_0.code,
        p1_0.created_at,
        p1_0.description,
        p1_0.difficulty,
        p1_0.display_order,
        p1_0.hint,
        p1_0.methodology,
        p1_0.questions,
        p1_0.title,
        p1_0.updated_at 
    from
        problems p1_0 
    where
        p1_0.code=?
Hibernate: 
    select
        p1_0.id,
        p1_0.chapter_id,
        p1_0.code,
        p1_0.created_at,
        p1_0.description,
        p1_0.difficulty,
        p1_0.display_order,
        p1_0.hint,
        p1_0.methodology,
        p1_0.questions,
        p1_0.title,
        p1_0.updated_at 
    from
        problems p1_0 
    where
        p1_0.code=?
Hibernate: 
    select
        p1_0.id,
        p1_0.chapter_id,
        p1_0.code,
        p1_0.created_at,
        p1_0.description,
        p1_0.difficulty,
        p1_0.display_order,
        p1_0.hint,
        p1_0.methodology,
        p1_0.questions,
        p1_0.title,
        p1_0.updated_at 
    from
        problems p1_0 
    where
        p1_0.code=?
Hibernate: 
    select
        p1_0.id,
        p1_0.chapter_id,
        p1_0.code,
        p1_0.created_at,
        p1_0.description,
        p1_0.difficulty,
        p1_0.display_order,
        p1_0.hint,
        p1_0.methodology,
        p1_0.questions,
        p1_0.title,
        p1_0.updated_at 
    from
        problems p1_0 
    where
        p1_0.code=?
Hibernate: 
    select
        p1_0.id,
        p1_0.chapter_id,
        p1_0.code,
        p1_0.created_at,
        p1_0.description,
        p1_0.difficulty,
        p1_0.display_order,
        p1_0.hint,
        p1_0.methodology,
        p1_0.questions,
        p1_0.title,
        p1_0.updated_at 
    from
        problems p1_0 
    where
        p1_0.code=?
Hibernate: 
    select
        p1_0.id,
        p1_0.chapter_id,
        p1_0.code,
        p1_0.created_at,
        p1_0.description,
        p1_0.difficulty,
        p1_0.display_order,
        p1_0.hint,
        p1_0.methodology,
        p1_0.questions,
        p1_0.title,
        p1_0.updated_at 
    from
        problems p1_0 
    where
        p1_0.code=?
Hibernate: 
    select
        p1_0.id,
        p1_0.chapter_id,
        p1_0.code,
        p1_0.created_at,
        p1_0.description,
        p1_0.difficulty,
        p1_0.display_order,
        p1_0.hint,
        p1_0.methodology,
        p1_0.questions,
        p1_0.title,
        p1_0.updated_at 
    from
        problems p1_0 
    where
        p1_0.code=?
Hibernate: 
    select
        p1_0.id,
        p1_0.chapter_id,
        p1_0.code,
        p1_0.created_at,
        p1_0.description,
        p1_0.difficulty,
        p1_0.display_order,
        p1_0.hint,
        p1_0.methodology,
        p1_0.questions,
        p1_0.title,
        p1_0.updated_at 
    from
        problems p1_0 
    where
        p1_0.code=?
Hibernate: 
    select
        p1_0.id,
        p1_0.chapter_id,
        p1_0.code,
        p1_0.created_at,
        p1_0.description,
        p1_0.difficulty,
        p1_0.display_order,
        p1_0.hint,
        p1_0.methodology,
        p1_0.questions,
        p1_0.title,
        p1_0.updated_at 
    from
        problems p1_0 
    where
        p1_0.code=?
Hibernate: 
    select
        p1_0.id,
        p1_0.chapter_id,
        p1_0.code,
        p1_0.created_at,
        p1_0.description,
        p1_0.difficulty,
        p1_0.display_order,
        p1_0.hint,
        p1_0.methodology,
        p1_0.questions,
        p1_0.title,
        p1_0.updated_at 
    from
        problems p1_0 
    where
        p1_0.code=?
Hibernate: 
    select
        p1_0.id,
        p1_0.chapter_id,
        p1_0.code,
        p1_0.created_at,
        p1_0.description,
        p1_0.difficulty,
        p1_0.display_order,
        p1_0.hint,
        p1_0.methodology,
        p1_0.questions,
        p1_0.title,
        p1_0.updated_at 
    from
        problems p1_0 
    where
        p1_0.code=?
Hibernate: 
    select
        p1_0.id,
        p1_0.chapter_id,
        p1_0.code,
        p1_0.created_at,
        p1_0.description,
        p1_0.difficulty,
        p1_0.display_order,
        p1_0.hint,
        p1_0.methodology,
        p1_0.questions,
        p1_0.title,
        p1_0.updated_at 
    from
        problems p1_0 
    where
        p1_0.code=?
Hibernate: 
    select
        p1_0.id,
        p1_0.chapter_id,
        p1_0.code,
        p1_0.created_at,
        p1_0.description,
        p1_0.difficulty,
        p1_0.display_order,
        p1_0.hint,
        p1_0.methodology,
        p1_0.questions,
        p1_0.title,
        p1_0.updated_at 
    from
        problems p1_0 
    where
        p1_0.code=?
Hibernate: 
    select
        p1_0.id,
        p1_0.chapter_id,
        p1_0.code,
        p1_0.created_at,
        p1_0.description,
        p1_0.difficulty,
        p1_0.display_order,
        p1_0.hint,
        p1_0.methodology,
        p1_0.questions,
        p1_0.title,
        p1_0.updated_at 
    from
        problems p1_0 
    where
        p1_0.code=?
ST chapter problems seeded (14).
Hibernate: 
    select
        c1_0.id,
        c1_0.code,
        c1_0.display_order,
        c1_0.title_en,
        c1_0.title_ka 
    from
        chapters c1_0 
    where
        c1_0.code=?
Hibernate: 
    select
        p1_0.id,
        p1_0.chapter_id,
        p1_0.code,
        p1_0.created_at,
        p1_0.description,
        p1_0.difficulty,
        p1_0.display_order,
        p1_0.hint,
        p1_0.methodology,
        p1_0.questions,
        p1_0.title,
        p1_0.updated_at 
    from
        problems p1_0 
    where
        p1_0.code=?
Hibernate: 
    select
        p1_0.id,
        p1_0.chapter_id,
        p1_0.code,
        p1_0.created_at,
        p1_0.description,
        p1_0.difficulty,
        p1_0.display_order,
        p1_0.hint,
        p1_0.methodology,
        p1_0.questions,
        p1_0.title,
        p1_0.updated_at 
    from
        problems p1_0 
    where
        p1_0.code=?
Hibernate: 
    select
        p1_0.id,
        p1_0.chapter_id,
        p1_0.code,
        p1_0.created_at,
        p1_0.description,
        p1_0.difficulty,
        p1_0.display_order,
        p1_0.hint,
        p1_0.methodology,
        p1_0.questions,
        p1_0.title,
        p1_0.updated_at 
    from
        problems p1_0 
    where
        p1_0.code=?
Hibernate: 
    select
        p1_0.id,
        p1_0.chapter_id,
        p1_0.code,
        p1_0.created_at,
        p1_0.description,
        p1_0.difficulty,
        p1_0.display_order,
        p1_0.hint,
        p1_0.methodology,
        p1_0.questions,
        p1_0.title,
        p1_0.updated_at 
    from
        problems p1_0 
    where
        p1_0.code=?
Hibernate: 
    select
        p1_0.id,
        p1_0.chapter_id,
        p1_0.code,
        p1_0.created_at,
        p1_0.description,
        p1_0.difficulty,
        p1_0.display_order,
        p1_0.hint,
        p1_0.methodology,
        p1_0.questions,
        p1_0.title,
        p1_0.updated_at 
    from
        problems p1_0 
    where
        p1_0.code=?
LR chapter problems seeded (5).
Hibernate: 
    select
        c1_0.id,
        c1_0.code,
        c1_0.display_order,
        c1_0.title_en,
        c1_0.title_ka 
    from
        chapters c1_0 
    where
        c1_0.code=?
Hibernate: 
    select
        p1_0.id,
        p1_0.chapter_id,
        p1_0.code,
        p1_0.created_at,
        p1_0.description,
        p1_0.difficulty,
        p1_0.display_order,
        p1_0.hint,
        p1_0.methodology,
        p1_0.questions,
        p1_0.title,
        p1_0.updated_at 
    from
        problems p1_0 
    where
        p1_0.code=?
Hibernate: 
    select
        p1_0.id,
        p1_0.chapter_id,
        p1_0.code,
        p1_0.created_at,
        p1_0.description,
        p1_0.difficulty,
        p1_0.display_order,
        p1_0.hint,
        p1_0.methodology,
        p1_0.questions,
        p1_0.title,
        p1_0.updated_at 
    from
        problems p1_0 
    where
        p1_0.code=?
Hibernate: 
    select
        p1_0.id,
        p1_0.chapter_id,
        p1_0.code,
        p1_0.created_at,
        p1_0.description,
        p1_0.difficulty,
        p1_0.display_order,
        p1_0.hint,
        p1_0.methodology,
        p1_0.questions,
        p1_0.title,
        p1_0.updated_at 
    from
        problems p1_0 
    where
        p1_0.code=?
Hibernate: 
    select
        p1_0.id,
        p1_0.chapter_id,
        p1_0.code,
        p1_0.created_at,
        p1_0.description,
        p1_0.difficulty,
        p1_0.display_order,
        p1_0.hint,
        p1_0.methodology,
        p1_0.questions,
        p1_0.title,
        p1_0.updated_at 
    from
        problems p1_0 
    where
        p1_0.code=?
Hibernate: 
    select
        p1_0.id,
        p1_0.chapter_id,
        p1_0.code,
        p1_0.created_at,
        p1_0.description,
        p1_0.difficulty,
        p1_0.display_order,
        p1_0.hint,
        p1_0.methodology,
        p1_0.questions,
        p1_0.title,
        p1_0.updated_at 
    from
        problems p1_0 
    where
        p1_0.code=?
Hibernate: 
    select
        p1_0.id,
        p1_0.chapter_id,
        p1_0.code,
        p1_0.created_at,
        p1_0.description,
        p1_0.difficulty,
        p1_0.display_order,
        p1_0.hint,
        p1_0.methodology,
        p1_0.questions,
        p1_0.title,
        p1_0.updated_at 
    from
        problems p1_0 
    where
        p1_0.code=?
Hibernate: 
    select
        p1_0.id,
        p1_0.chapter_id,
        p1_0.code,
        p1_0.created_at,
        p1_0.description,
        p1_0.difficulty,
        p1_0.display_order,
        p1_0.hint,
        p1_0.methodology,
        p1_0.questions,
        p1_0.title,
        p1_0.updated_at 
    from
        problems p1_0 
    where
        p1_0.code=?
Hibernate: 
    select
        p1_0.id,
        p1_0.chapter_id,
        p1_0.code,
        p1_0.created_at,
        p1_0.description,
        p1_0.difficulty,
        p1_0.display_order,
        p1_0.hint,
        p1_0.methodology,
        p1_0.questions,
        p1_0.title,
        p1_0.updated_at 
    from
        problems p1_0 
    where
        p1_0.code=?
Hibernate: 
    select
        p1_0.id,
        p1_0.chapter_id,
        p1_0.code,
        p1_0.created_at,
        p1_0.description,
        p1_0.difficulty,
        p1_0.display_order,
        p1_0.hint,
        p1_0.methodology,
        p1_0.questions,
        p1_0.title,
        p1_0.updated_at 
    from
        problems p1_0 
    where
        p1_0.code=?
Hibernate: 
    select
        p1_0.id,
        p1_0.chapter_id,
        p1_0.code,
        p1_0.created_at,
        p1_0.description,
        p1_0.difficulty,
        p1_0.display_order,
        p1_0.hint,
        p1_0.methodology,
        p1_0.questions,
        p1_0.title,
        p1_0.updated_at 
    from
        problems p1_0 
    where
        p1_0.code=?
Hibernate: 
    select
        p1_0.id,
        p1_0.chapter_id,
        p1_0.code,
        p1_0.created_at,
        p1_0.description,
        p1_0.difficulty,
        p1_0.display_order,
        p1_0.hint,
        p1_0.methodology,
        p1_0.questions,
        p1_0.title,
        p1_0.updated_at 
    from
        problems p1_0 
    where
        p1_0.code=?
Hibernate: 
    select
        p1_0.id,
        p1_0.chapter_id,
        p1_0.code,
        p1_0.created_at,
        p1_0.description,
        p1_0.difficulty,
        p1_0.display_order,
        p1_0.hint,
        p1_0.methodology,
        p1_0.questions,
        p1_0.title,
        p1_0.updated_at 
    from
        problems p1_0 
    where
        p1_0.code=?
Hibernate: 
    select
        p1_0.id,
        p1_0.chapter_id,
        p1_0.code,
        p1_0.created_at,
        p1_0.description,
        p1_0.difficulty,
        p1_0.display_order,
        p1_0.hint,
        p1_0.methodology,
        p1_0.questions,
        p1_0.title,
        p1_0.updated_at 
    from
        problems p1_0 
    where
        p1_0.code=?
SW chapter problems seeded (13).
Hibernate: 
    select
        c1_0.id,
        c1_0.code,
        c1_0.display_order,
        c1_0.title_en,
        c1_0.title_ka 
    from
        chapters c1_0 
    where
        c1_0.code=?
Hibernate: 
    select
        p1_0.id,
        p1_0.chapter_id,
        p1_0.code,
        p1_0.created_at,
        p1_0.description,
        p1_0.difficulty,
        p1_0.display_order,
        p1_0.hint,
        p1_0.methodology,
        p1_0.questions,
        p1_0.title,
        p1_0.updated_at 
    from
        problems p1_0 
    where
        p1_0.code=?
Hibernate: 
    select
        p1_0.id,
        p1_0.chapter_id,
        p1_0.code,
        p1_0.created_at,
        p1_0.description,
        p1_0.difficulty,
        p1_0.display_order,
        p1_0.hint,
        p1_0.methodology,
        p1_0.questions,
        p1_0.title,
        p1_0.updated_at 
    from
        problems p1_0 
    where
        p1_0.code=?
Hibernate: 
    select
        p1_0.id,
        p1_0.chapter_id,
        p1_0.code,
        p1_0.created_at,
        p1_0.description,
        p1_0.difficulty,
        p1_0.display_order,
        p1_0.hint,
        p1_0.methodology,
        p1_0.questions,
        p1_0.title,
        p1_0.updated_at 
    from
        problems p1_0 
    where
        p1_0.code=?
Hibernate: 
    select
        p1_0.id,
        p1_0.chapter_id,
        p1_0.code,
        p1_0.created_at,
        p1_0.description,
        p1_0.difficulty,
        p1_0.display_order,
        p1_0.hint,
        p1_0.methodology,
        p1_0.questions,
        p1_0.title,
        p1_0.updated_at 
    from
        problems p1_0 
    where
        p1_0.code=?
Hibernate: 
    select
        p1_0.id,
        p1_0.chapter_id,
        p1_0.code,
        p1_0.created_at,
        p1_0.description,
        p1_0.difficulty,
        p1_0.display_order,
        p1_0.hint,
        p1_0.methodology,
        p1_0.questions,
        p1_0.title,
        p1_0.updated_at 
    from
        problems p1_0 
    where
        p1_0.code=?
Hibernate: 
    select
        p1_0.id,
        p1_0.chapter_id,
        p1_0.code,
        p1_0.created_at,
        p1_0.description,
        p1_0.difficulty,
        p1_0.display_order,
        p1_0.hint,
        p1_0.methodology,
        p1_0.questions,
        p1_0.title,
        p1_0.updated_at 
    from
        problems p1_0 
    where
        p1_0.code=?
Hibernate: 
    select
        p1_0.id,
        p1_0.chapter_id,
        p1_0.code,
        p1_0.created_at,
        p1_0.description,
        p1_0.difficulty,
        p1_0.display_order,
        p1_0.hint,
        p1_0.methodology,
        p1_0.questions,
        p1_0.title,
        p1_0.updated_at 
    from
        problems p1_0 
    where
        p1_0.code=?
Hibernate: 
    select
        p1_0.id,
        p1_0.chapter_id,
        p1_0.code,
        p1_0.created_at,
        p1_0.description,
        p1_0.difficulty,
        p1_0.display_order,
        p1_0.hint,
        p1_0.methodology,
        p1_0.questions,
        p1_0.title,
        p1_0.updated_at 
    from
        problems p1_0 
    where
        p1_0.code=?
Hibernate: 
    select
        p1_0.id,
        p1_0.chapter_id,
        p1_0.code,
        p1_0.created_at,
        p1_0.description,
        p1_0.difficulty,
        p1_0.display_order,
        p1_0.hint,
        p1_0.methodology,
        p1_0.questions,
        p1_0.title,
        p1_0.updated_at 
    from
        problems p1_0 
    where
        p1_0.code=?
Hibernate: 
    select
        p1_0.id,
        p1_0.chapter_id,
        p1_0.code,
        p1_0.created_at,
        p1_0.description,
        p1_0.difficulty,
        p1_0.display_order,
        p1_0.hint,
        p1_0.methodology,
        p1_0.questions,
        p1_0.title,
        p1_0.updated_at 
    from
        problems p1_0 
    where
        p1_0.code=?
Hibernate: 
    select
        p1_0.id,
        p1_0.chapter_id,
        p1_0.code,
        p1_0.created_at,
        p1_0.description,
        p1_0.difficulty,
        p1_0.display_order,
        p1_0.hint,
        p1_0.methodology,
        p1_0.questions,
        p1_0.title,
        p1_0.updated_at 
    from
        problems p1_0 
    where
        p1_0.code=?
Hibernate: 
    select
        p1_0.id,
        p1_0.chapter_id,
        p1_0.code,
        p1_0.created_at,
        p1_0.description,
        p1_0.difficulty,
        p1_0.display_order,
        p1_0.hint,
        p1_0.methodology,
        p1_0.questions,
        p1_0.title,
        p1_0.updated_at 
    from
        problems p1_0 
    where
        p1_0.code=?
Hibernate: 
    select
        p1_0.id,
        p1_0.chapter_id,
        p1_0.code,
        p1_0.created_at,
        p1_0.description,
        p1_0.difficulty,
        p1_0.display_order,
        p1_0.hint,
        p1_0.methodology,
        p1_0.questions,
        p1_0.title,
        p1_0.updated_at 
    from
        problems p1_0 
    where
        p1_0.code=?
DM chapter problems seeded (13).
Hibernate: 
    select
        c1_0.id,
        c1_0.code,
        c1_0.display_order,
        c1_0.title_en,
        c1_0.title_ka 
    from
        chapters c1_0 
    where
        c1_0.code=?
Hibernate: 
    select
        p1_0.id,
        p1_0.chapter_id,
        p1_0.code,
        p1_0.created_at,
        p1_0.description,
        p1_0.difficulty,
        p1_0.display_order,
        p1_0.hint,
        p1_0.methodology,
        p1_0.questions,
        p1_0.title,
        p1_0.updated_at 
    from
        problems p1_0 
    where
        p1_0.code=?
Hibernate: 
    select
        p1_0.id,
        p1_0.chapter_id,
        p1_0.code,
        p1_0.created_at,
        p1_0.description,
        p1_0.difficulty,
        p1_0.display_order,
        p1_0.hint,
        p1_0.methodology,
        p1_0.questions,
        p1_0.title,
        p1_0.updated_at 
    from
        problems p1_0 
    where
        p1_0.code=?
Hibernate: 
    select
        p1_0.id,
        p1_0.chapter_id,
        p1_0.code,
        p1_0.created_at,
        p1_0.description,
        p1_0.difficulty,
        p1_0.display_order,
        p1_0.hint,
        p1_0.methodology,
        p1_0.questions,
        p1_0.title,
        p1_0.updated_at 
    from
        problems p1_0 
    where
        p1_0.code=?
Hibernate: 
    select
        p1_0.id,
        p1_0.chapter_id,
        p1_0.code,
        p1_0.created_at,
        p1_0.description,
        p1_0.difficulty,
        p1_0.display_order,
        p1_0.hint,
        p1_0.methodology,
        p1_0.questions,
        p1_0.title,
        p1_0.updated_at 
    from
        problems p1_0 
    where
        p1_0.code=?
Hibernate: 
    select
        p1_0.id,
        p1_0.chapter_id,
        p1_0.code,
        p1_0.created_at,
        p1_0.description,
        p1_0.difficulty,
        p1_0.display_order,
        p1_0.hint,
        p1_0.methodology,
        p1_0.questions,
        p1_0.title,
        p1_0.updated_at 
    from
        problems p1_0 
    where
        p1_0.code=?
Hibernate: 
    select
        p1_0.id,
        p1_0.chapter_id,
        p1_0.code,
        p1_0.created_at,
        p1_0.description,
        p1_0.difficulty,
        p1_0.display_order,
        p1_0.hint,
        p1_0.methodology,
        p1_0.questions,
        p1_0.title,
        p1_0.updated_at 
    from
        problems p1_0 
    where
        p1_0.code=?
Hibernate: 
    select
        p1_0.id,
        p1_0.chapter_id,
        p1_0.code,
        p1_0.created_at,
        p1_0.description,
        p1_0.difficulty,
        p1_0.display_order,
        p1_0.hint,
        p1_0.methodology,
        p1_0.questions,
        p1_0.title,
        p1_0.updated_at 
    from
        problems p1_0 
    where
        p1_0.code=?
Hibernate: 
    select
        p1_0.id,
        p1_0.chapter_id,
        p1_0.code,
        p1_0.created_at,
        p1_0.description,
        p1_0.difficulty,
        p1_0.display_order,
        p1_0.hint,
        p1_0.methodology,
        p1_0.questions,
        p1_0.title,
        p1_0.updated_at 
    from
        problems p1_0 
    where
        p1_0.code=?
Hibernate: 
    select
        p1_0.id,
        p1_0.chapter_id,
        p1_0.code,
        p1_0.created_at,
        p1_0.description,
        p1_0.difficulty,
        p1_0.display_order,
        p1_0.hint,
        p1_0.methodology,
        p1_0.questions,
        p1_0.title,
        p1_0.updated_at 
    from
        problems p1_0 
    where
        p1_0.code=?
VR chapter problems seeded (9).
Hibernate: 
    select
        c1_0.id,
        c1_0.code,
        c1_0.display_order,
        c1_0.title_en,
        c1_0.title_ka 
    from
        chapters c1_0 
    where
        c1_0.code=?
Hibernate: 
    select
        p1_0.id,
        p1_0.chapter_id,
        p1_0.code,
        p1_0.created_at,
        p1_0.description,
        p1_0.difficulty,
        p1_0.display_order,
        p1_0.hint,
        p1_0.methodology,
        p1_0.questions,
        p1_0.title,
        p1_0.updated_at 
    from
        problems p1_0 
    where
        p1_0.code=?
Hibernate: 
    select
        p1_0.id,
        p1_0.chapter_id,
        p1_0.code,
        p1_0.created_at,
        p1_0.description,
        p1_0.difficulty,
        p1_0.display_order,
        p1_0.hint,
        p1_0.methodology,
        p1_0.questions,
        p1_0.title,
        p1_0.updated_at 
    from
        problems p1_0 
    where
        p1_0.code=?
Hibernate: 
    select
        p1_0.id,
        p1_0.chapter_id,
        p1_0.code,
        p1_0.created_at,
        p1_0.description,
        p1_0.difficulty,
        p1_0.display_order,
        p1_0.hint,
        p1_0.methodology,
        p1_0.questions,
        p1_0.title,
        p1_0.updated_at 
    from
        problems p1_0 
    where
        p1_0.code=?
Hibernate: 
    select
        p1_0.id,
        p1_0.chapter_id,
        p1_0.code,
        p1_0.created_at,
        p1_0.description,
        p1_0.difficulty,
        p1_0.display_order,
        p1_0.hint,
        p1_0.methodology,
        p1_0.questions,
        p1_0.title,
        p1_0.updated_at 
    from
        problems p1_0 
    where
        p1_0.code=?
Hibernate: 
    select
        p1_0.id,
        p1_0.chapter_id,
        p1_0.code,
        p1_0.created_at,
        p1_0.description,
        p1_0.difficulty,
        p1_0.display_order,
        p1_0.hint,
        p1_0.methodology,
        p1_0.questions,
        p1_0.title,
        p1_0.updated_at 
    from
        problems p1_0 
    where
        p1_0.code=?
Hibernate: 
    select
        p1_0.id,
        p1_0.chapter_id,
        p1_0.code,
        p1_0.created_at,
        p1_0.description,
        p1_0.difficulty,
        p1_0.display_order,
        p1_0.hint,
        p1_0.methodology,
        p1_0.questions,
        p1_0.title,
        p1_0.updated_at 
    from
        problems p1_0 
    where
        p1_0.code=?
Hibernate: 
    select
        p1_0.id,
        p1_0.chapter_id,
        p1_0.code,
        p1_0.created_at,
        p1_0.description,
        p1_0.difficulty,
        p1_0.display_order,
        p1_0.hint,
        p1_0.methodology,
        p1_0.questions,
        p1_0.title,
        p1_0.updated_at 
    from
        problems p1_0 
    where
        p1_0.code=?
Hibernate: 
    select
        p1_0.id,
        p1_0.chapter_id,
        p1_0.code,
        p1_0.created_at,
        p1_0.description,
        p1_0.difficulty,
        p1_0.display_order,
        p1_0.hint,
        p1_0.methodology,
        p1_0.questions,
        p1_0.title,
        p1_0.updated_at 
    from
        problems p1_0 
    where
        p1_0.code=?
Hibernate: 
    select
        p1_0.id,
        p1_0.chapter_id,
        p1_0.code,
        p1_0.created_at,
        p1_0.description,
        p1_0.difficulty,
        p1_0.display_order,
        p1_0.hint,
        p1_0.methodology,
        p1_0.questions,
        p1_0.title,
        p1_0.updated_at 
    from
        problems p1_0 
    where
        p1_0.code=?
Hibernate: 
    select
        p1_0.id,
        p1_0.chapter_id,
        p1_0.code,
        p1_0.created_at,
        p1_0.description,
        p1_0.difficulty,
        p1_0.display_order,
        p1_0.hint,
        p1_0.methodology,
        p1_0.questions,
        p1_0.title,
        p1_0.updated_at 
    from
        problems p1_0 
    where
        p1_0.code=?
Hibernate: 
    select
        p1_0.id,
        p1_0.chapter_id,
        p1_0.code,
        p1_0.created_at,
        p1_0.description,
        p1_0.difficulty,
        p1_0.display_order,
        p1_0.hint,
        p1_0.methodology,
        p1_0.questions,
        p1_0.title,
        p1_0.updated_at 
    from
        problems p1_0 
    where
        p1_0.code=?
Hibernate: 
    select
        p1_0.id,
        p1_0.chapter_id,
        p1_0.code,
        p1_0.created_at,
        p1_0.description,
        p1_0.difficulty,
        p1_0.display_order,
        p1_0.hint,
        p1_0.methodology,
        p1_0.questions,
        p1_0.title,
        p1_0.updated_at 
    from
        problems p1_0 
    where
        p1_0.code=?
Hibernate: 
    select
        p1_0.id,
        p1_0.chapter_id,
        p1_0.code,
        p1_0.created_at,
        p1_0.description,
        p1_0.difficulty,
        p1_0.display_order,
        p1_0.hint,
        p1_0.methodology,
        p1_0.questions,
        p1_0.title,
        p1_0.updated_at 
    from
        problems p1_0 
    where
        p1_0.code=?
Hibernate: 
    select
        p1_0.id,
        p1_0.chapter_id,
        p1_0.code,
        p1_0.created_at,
        p1_0.description,
        p1_0.difficulty,
        p1_0.display_order,
        p1_0.hint,
        p1_0.methodology,
        p1_0.questions,
        p1_0.title,
        p1_0.updated_at 
    from
        problems p1_0 
    where
        p1_0.code=?
Hibernate: 
    select
        p1_0.id,
        p1_0.chapter_id,
        p1_0.code,
        p1_0.created_at,
        p1_0.description,
        p1_0.difficulty,
        p1_0.display_order,
        p1_0.hint,
        p1_0.methodology,
        p1_0.questions,
        p1_0.title,
        p1_0.updated_at 
    from
        problems p1_0 
    where
        p1_0.code=?
CP chapter problems seeded (15).
Hibernate: 
    select
        c1_0.id,
        c1_0.code,
        c1_0.display_order,
        c1_0.title_en,
        c1_0.title_ka 
    from
        chapters c1_0 
    where
        c1_0.code=?
Hibernate: 
    select
        p1_0.id,
        p1_0.chapter_id,
        p1_0.code,
        p1_0.created_at,
        p1_0.description,
        p1_0.difficulty,
        p1_0.display_order,
        p1_0.hint,
        p1_0.methodology,
        p1_0.questions,
        p1_0.title,
        p1_0.updated_at 
    from
        problems p1_0 
    where
        p1_0.code=?
Hibernate: 
    select
        p1_0.id,
        p1_0.chapter_id,
        p1_0.code,
        p1_0.created_at,
        p1_0.description,
        p1_0.difficulty,
        p1_0.display_order,
        p1_0.hint,
        p1_0.methodology,
        p1_0.questions,
        p1_0.title,
        p1_0.updated_at 
    from
        problems p1_0 
    where
        p1_0.code=?
Hibernate: 
    select
        p1_0.id,
        p1_0.chapter_id,
        p1_0.code,
        p1_0.created_at,
        p1_0.description,
        p1_0.difficulty,
        p1_0.display_order,
        p1_0.hint,
        p1_0.methodology,
        p1_0.questions,
        p1_0.title,
        p1_0.updated_at 
    from
        problems p1_0 
    where
        p1_0.code=?
Hibernate: 
    select
        p1_0.id,
        p1_0.chapter_id,
        p1_0.code,
        p1_0.created_at,
        p1_0.description,
        p1_0.difficulty,
        p1_0.display_order,
        p1_0.hint,
        p1_0.methodology,
        p1_0.questions,
        p1_0.title,
        p1_0.updated_at 
    from
        problems p1_0 
    where
        p1_0.code=?
Hibernate: 
    select
        p1_0.id,
        p1_0.chapter_id,
        p1_0.code,
        p1_0.created_at,
        p1_0.description,
        p1_0.difficulty,
        p1_0.display_order,
        p1_0.hint,
        p1_0.methodology,
        p1_0.questions,
        p1_0.title,
        p1_0.updated_at 
    from
        problems p1_0 
    where
        p1_0.code=?
Hibernate: 
    select
        p1_0.id,
        p1_0.chapter_id,
        p1_0.code,
        p1_0.created_at,
        p1_0.description,
        p1_0.difficulty,
        p1_0.display_order,
        p1_0.hint,
        p1_0.methodology,
        p1_0.questions,
        p1_0.title,
        p1_0.updated_at 
    from
        problems p1_0 
    where
        p1_0.code=?
DI chapter problems seeded (6).
Hibernate: 
    select
        c1_0.id,
        c1_0.code,
        c1_0.display_order,
        c1_0.title_en,
        c1_0.title_ka 
    from
        chapters c1_0 
    where
        c1_0.code=?
Hibernate: 
    select
        p1_0.id,
        p1_0.chapter_id,
        p1_0.code,
        p1_0.created_at,
        p1_0.description,
        p1_0.difficulty,
        p1_0.display_order,
        p1_0.hint,
        p1_0.methodology,
        p1_0.questions,
        p1_0.title,
        p1_0.updated_at 
    from
        problems p1_0 
    where
        p1_0.code=?
Hibernate: 
    select
        p1_0.id,
        p1_0.chapter_id,
        p1_0.code,
        p1_0.created_at,
        p1_0.description,
        p1_0.difficulty,
        p1_0.display_order,
        p1_0.hint,
        p1_0.methodology,
        p1_0.questions,
        p1_0.title,
        p1_0.updated_at 
    from
        problems p1_0 
    where
        p1_0.code=?
Hibernate: 
    select
        p1_0.id,
        p1_0.chapter_id,
        p1_0.code,
        p1_0.created_at,
        p1_0.description,
        p1_0.difficulty,
        p1_0.display_order,
        p1_0.hint,
        p1_0.methodology,
        p1_0.questions,
        p1_0.title,
        p1_0.updated_at 
    from
        problems p1_0 
    where
        p1_0.code=?
Hibernate: 
    select
        p1_0.id,
        p1_0.chapter_id,
        p1_0.code,
        p1_0.created_at,
        p1_0.description,
        p1_0.difficulty,
        p1_0.display_order,
        p1_0.hint,
        p1_0.methodology,
        p1_0.questions,
        p1_0.title,
        p1_0.updated_at 
    from
        problems p1_0 
    where
        p1_0.code=?
Hibernate: 
    select
        p1_0.id,
        p1_0.chapter_id,
        p1_0.code,
        p1_0.created_at,
        p1_0.description,
        p1_0.difficulty,
        p1_0.display_order,
        p1_0.hint,
        p1_0.methodology,
        p1_0.questions,
        p1_0.title,
        p1_0.updated_at 
    from
        problems p1_0 
    where
        p1_0.code=?
Hibernate: 
    select
        p1_0.id,
        p1_0.chapter_id,
        p1_0.code,
        p1_0.created_at,
        p1_0.description,
        p1_0.difficulty,
        p1_0.display_order,
        p1_0.hint,
        p1_0.methodology,
        p1_0.questions,
        p1_0.title,
        p1_0.updated_at 
    from
        problems p1_0 
    where
        p1_0.code=?
Hibernate: 
    select
        p1_0.id,
        p1_0.chapter_id,
        p1_0.code,
        p1_0.created_at,
        p1_0.description,
        p1_0.difficulty,
        p1_0.display_order,
        p1_0.hint,
        p1_0.methodology,
        p1_0.questions,
        p1_0.title,
        p1_0.updated_at 
    from
        problems p1_0 
    where
        p1_0.code=?
Hibernate: 
    select
        p1_0.id,
        p1_0.chapter_id,
        p1_0.code,
        p1_0.created_at,
        p1_0.description,
        p1_0.difficulty,
        p1_0.display_order,
        p1_0.hint,
        p1_0.methodology,
        p1_0.questions,
        p1_0.title,
        p1_0.updated_at 
    from
        problems p1_0 
    where
        p1_0.code=?
TR chapter problems seeded (8).
Hibernate: 
    select
        c1_0.id,
        c1_0.code,
        c1_0.display_order,
        c1_0.title_en,
        c1_0.title_ka 
    from
        chapters c1_0 
    where
        c1_0.code=?
Hibernate: 
    select
        p1_0.id,
        p1_0.chapter_id,
        p1_0.code,
        p1_0.created_at,
        p1_0.description,
        p1_0.difficulty,
        p1_0.display_order,
        p1_0.hint,
        p1_0.methodology,
        p1_0.questions,
        p1_0.title,
        p1_0.updated_at 
    from
        problems p1_0 
    where
        p1_0.code=?
Hibernate: 
    select
        p1_0.id,
        p1_0.chapter_id,
        p1_0.code,
        p1_0.created_at,
        p1_0.description,
        p1_0.difficulty,
        p1_0.display_order,
        p1_0.hint,
        p1_0.methodology,
        p1_0.questions,
        p1_0.title,
        p1_0.updated_at 
    from
        problems p1_0 
    where
        p1_0.code=?
Hibernate: 
    select
        p1_0.id,
        p1_0.chapter_id,
        p1_0.code,
        p1_0.created_at,
        p1_0.description,
        p1_0.difficulty,
        p1_0.display_order,
        p1_0.hint,
        p1_0.methodology,
        p1_0.questions,
        p1_0.title,
        p1_0.updated_at 
    from
        problems p1_0 
    where
        p1_0.code=?
Hibernate: 
    select
        p1_0.id,
        p1_0.chapter_id,
        p1_0.code,
        p1_0.created_at,
        p1_0.description,
        p1_0.difficulty,
        p1_0.display_order,
        p1_0.hint,
        p1_0.methodology,
        p1_0.questions,
        p1_0.title,
        p1_0.updated_at 
    from
        problems p1_0 
    where
        p1_0.code=?
TCP chapter problems seeded (4).
Hibernate: 
    select
        c1_0.id,
        c1_0.code,
        c1_0.display_order,
        c1_0.title_en,
        c1_0.title_ka 
    from
        chapters c1_0 
    where
        c1_0.code=?
Hibernate: 
    select
        p1_0.id,
        p1_0.chapter_id,
        p1_0.code,
        p1_0.created_at,
        p1_0.description,
        p1_0.difficulty,
        p1_0.display_order,
        p1_0.hint,
        p1_0.methodology,
        p1_0.questions,
        p1_0.title,
        p1_0.updated_at 
    from
        problems p1_0 
    where
        p1_0.code=?
Hibernate: 
    select
        p1_0.id,
        p1_0.chapter_id,
        p1_0.code,
        p1_0.created_at,
        p1_0.description,
        p1_0.difficulty,
        p1_0.display_order,
        p1_0.hint,
        p1_0.methodology,
        p1_0.questions,
        p1_0.title,
        p1_0.updated_at 
    from
        problems p1_0 
    where
        p1_0.code=?
Hibernate: 
    select
        p1_0.id,
        p1_0.chapter_id,
        p1_0.code,
        p1_0.created_at,
        p1_0.description,
        p1_0.difficulty,
        p1_0.display_order,
        p1_0.hint,
        p1_0.methodology,
        p1_0.questions,
        p1_0.title,
        p1_0.updated_at 
    from
        problems p1_0 
    where
        p1_0.code=?
Hibernate: 
    select
        p1_0.id,
        p1_0.chapter_id,
        p1_0.code,
        p1_0.created_at,
        p1_0.description,
        p1_0.difficulty,
        p1_0.display_order,
        p1_0.hint,
        p1_0.methodology,
        p1_0.questions,
        p1_0.title,
        p1_0.updated_at 
    from
        problems p1_0 
    where
        p1_0.code=?
Hibernate: 
    select
        p1_0.id,
        p1_0.chapter_id,
        p1_0.code,
        p1_0.created_at,
        p1_0.description,
        p1_0.difficulty,
        p1_0.display_order,
        p1_0.hint,
        p1_0.methodology,
        p1_0.questions,
        p1_0.title,
        p1_0.updated_at 
    from
        problems p1_0 
    where
        p1_0.code=?
Hibernate: 
    select
        p1_0.id,
        p1_0.chapter_id,
        p1_0.code,
        p1_0.created_at,
        p1_0.description,
        p1_0.difficulty,
        p1_0.display_order,
        p1_0.hint,
        p1_0.methodology,
        p1_0.questions,
        p1_0.title,
        p1_0.updated_at 
    from
        problems p1_0 
    where
        p1_0.code=?
Hibernate: 
    select
        p1_0.id,
        p1_0.chapter_id,
        p1_0.code,
        p1_0.created_at,
        p1_0.description,
        p1_0.difficulty,
        p1_0.display_order,
        p1_0.hint,
        p1_0.methodology,
        p1_0.questions,
        p1_0.title,
        p1_0.updated_at 
    from
        problems p1_0 
    where
        p1_0.code=?
Hibernate: 
    select
        p1_0.id,
        p1_0.chapter_id,
        p1_0.code,
        p1_0.created_at,
        p1_0.description,
        p1_0.difficulty,
        p1_0.display_order,
        p1_0.hint,
        p1_0.methodology,
        p1_0.questions,
        p1_0.title,
        p1_0.updated_at 
    from
        problems p1_0 
    where
        p1_0.code=?
Hibernate: 
    select
        p1_0.id,
        p1_0.chapter_id,
        p1_0.code,
        p1_0.created_at,
        p1_0.description,
        p1_0.difficulty,
        p1_0.display_order,
        p1_0.hint,
        p1_0.methodology,
        p1_0.questions,
        p1_0.title,
        p1_0.updated_at 
    from
        problems p1_0 
    where
        p1_0.code=?
Hibernate: 
    select
        p1_0.id,
        p1_0.chapter_id,
        p1_0.code,
        p1_0.created_at,
        p1_0.description,
        p1_0.difficulty,
        p1_0.display_order,
        p1_0.hint,
        p1_0.methodology,
        p1_0.questions,
        p1_0.title,
        p1_0.updated_at 
    from
        problems p1_0 
    where
        p1_0.code=?
PR chapter problems seeded (10).
=== bridge ===
  flip=false @d_gled[id]=0.007051303
  flip=false @d_d2[id]=-3.00012E-7
  flip=false @d_gled[id]=0.007051303
  flip=false @d_rled1[id]=-9.58735E-12
  flip=false @d_d1[id]=0.007054615
  flip=false @d_rled2[id]=0.007051303
  flip=true @d_gled[id]=0.007051303
  flip=true @d_d2[id]=0.007054615
  flip=true @d_gled[id]=0.007051303
  flip=true @d_rled1[id]=0.007051303
  flip=true @d_d1[id]=-3.00012E-7
  flip=true @d_rled2[id]=-9.58735E-12
=== pairs ===
  flip=false @d_gled[id]=-8.93951E-12
  flip=false @d_d2[id]=-3.0001E-7
  flip=false @d_gled[id]=-8.93951E-12
  flip=false @d_rled1[id]=3.001476E-7
  flip=false @d_d1[id]=-3.0001E-7
  flip=false @d_rled2[id]=3.001453E-7
  flip=true @d_gled[id]=-1.19989E-11
  flip=true @d_d2[id]=5.912786E-9
  flip=true @d_gled[id]=-1.19989E-11
  flip=true @d_rled1[id]=-1.19994E-11
  flip=true @d_d1[id]=5.90992E-9
  flip=true @d_rled2[id]=-1.19994E-11
]]></system-out>
    <system-err><![CDATA[WARNING: A Java agent has been loaded dynamically (/home/sandro/.m2/repository/net/bytebuddy/byte-buddy-agent/1.14.10/byte-buddy-agent-1.14.10.jar)
WARNING: If a serviceability tool is in use, please run with -XX:+EnableDynamicAgentLoading to hide this warning
WARNING: If a serviceability tool is not in use, please run with -Djdk.instrument.traceUsage for more information
WARNING: Dynamic loading of agents will be disallowed by default in a future release
]]></system-err>
  </testcase>
</testsuite>