<?xml version="1.0" encoding="UTF-8"?>
<testsuite xmlns:xsi="http://www.w3.org/2001/XMLSchema-instance" xsi:noNamespaceSchemaLocation="https://maven.apache.org/surefire/maven-surefire-plugin/xsd/surefire-test-report-3.0.xsd" version="3.0" name="com.example.circuit_simulator.CpL23SimSmokeTest" time="6.976" tests="3" errors="0" skipped="0" failures="0">
  <properties>
[...]
</properties>
  <testcase name="toggleToLeftRunsTran" classname="com.example.circuit_simulator.CpL23SimSmokeTest" time="0.653">
    <system-out><![CDATA[14:46:59.067 [main] INFO org.springframework.test.context.support.AnnotationConfigContextLoaderUtils -- Could not detect default configuration classes for test class [com.example.circuit_simulator.CpL23SimSmokeTest]: CpL23SimSmokeTest does not declare any static, non-private, non-final, nested classes annotated with @Configuration.
14:46:59.217 [main] INFO org.springframework.boot.test.context.SpringBootTestContextBootstrapper -- Found @SpringBootConfiguration com.example.circuit_simulator.CircuitSimulatorApplication for test class com.example.circuit_simulator.CpL23SimSmokeTest

  .   ____          _            __ _ _
 /\\ / ___'_ __ _ _(_)_ __  __ _ \ \ \ \
( ( )\___ | '_ | '_| | '_ \/ _` | \ \ \ \
 \\/  ___)| |_)| | | | | || (_| |  ) ) ) )
  '  |____| .__|_| |_|_| |_\__, | / / / /
 =========|_|==============|___/=/_/_/_/
 :: Spring Boot ::                (v3.2.0)

2026-07-16T14:46:59.669+04:00  INFO 43713 --- [circuit-simulator] [           main] c.e.circuit_simulator.CpL23SimSmokeTest  : Starting CpL23SimSmokeTest using Java 21.0.11 with PID 43713 (started by sandro in /home/sandro/final-project/interactive-circuit-platform/backend)
2026-07-16T14:46:59.671+04:00  INFO 43713 --- [circuit-simulator] [           main] c.e.circuit_simulator.CpL23SimSmokeTest  : No active profile set, falling back to 1 default profile: "default"
2026-07-16T14:47:00.451+04:00  INFO 43713 --- [circuit-simulator] [           main] .s.d.r.c.RepositoryConfigurationDelegate : Bootstrapping Spring Data JPA repositories in DEFAULT mode.
2026-07-16T14:47:00.550+04:00  INFO 43713 --- [circuit-simulator] [           main] .s.d.r.c.RepositoryConfigurationDelegate : Finished Spring Data repository scanning in 85 ms. Found 6 JPA repository interfaces.
2026-07-16T14:47:01.084+04:00  INFO 43713 --- [circuit-simulator] [           main] o.hibernate.jpa.internal.util.LogHelper  : HHH000204: Processing PersistenceUnitInfo [name: default]
2026-07-16T14:47:01.126+04:00  INFO 43713 --- [circuit-simulator] [           main] org.hibernate.Version                    : HHH000412: Hibernate ORM core version 6.3.1.Final
2026-07-16T14:47:01.151+04:00  INFO 43713 --- [circuit-simulator] [           main] o.h.c.internal.RegionFactoryInitiator    : HHH000026: Second-level cache disabled
2026-07-16T14:47:01.233+04:00  INFO 43713 --- [circuit-simulator] [           main] com.zaxxer.hikari.HikariDataSource       : HikariPool-1 - Starting...
2026-07-16T14:47:01.443+04:00  INFO 43713 --- [circuit-simulator] [           main] com.zaxxer.hikari.pool.HikariPool        : HikariPool-1 - Added connection org.postgresql.jdbc.PgConnection@559991f5
2026-07-16T14:47:01.447+04:00  INFO 43713 --- [circuit-simulator] [           main] com.zaxxer.hikari.HikariDataSource       : HikariPool-1 - Start completed.
2026-07-16T14:47:01.779+04:00  INFO 43713 --- [circuit-simulator] [           main] o.s.o.j.p.SpringPersistenceUnitInfo      : No LoadTimeWeaver setup: ignoring JPA class transformer
2026-07-16T14:47:02.906+04:00  INFO 43713 --- [circuit-simulator] [           main] o.h.e.t.j.p.i.JtaPlatformInitiator       : HHH000489: No JTA platform available (set 'hibernate.transaction.jta.platform' to enable JTA platform integration)
2026-07-16T14:47:03.008+04:00  INFO 43713 --- [circuit-simulator] [           main] j.LocalContainerEntityManagerFactoryBean : Initialized JPA EntityManagerFactory for persistence unit 'default'
2026-07-16T14:47:03.377+04:00  INFO 43713 --- [circuit-simulator] [           main] o.s.d.j.r.query.QueryEnhancerFactory     : Hibernate is in classpath; If applicable, HQL parser will be used.
2026-07-16T14:47:04.085+04:00  WARN 43713 --- [circuit-simulator] [           main] JpaBaseConfiguration$JpaWebConfiguration : spring.jpa.open-in-view is enabled by default. Therefore, database queries may be performed during view rendering. Explicitly configure spring.jpa.open-in-view to disable this warning
2026-07-16T14:47:04.105+04:00  WARN 43713 --- [circuit-simulator] [           main] .s.s.UserDetailsServiceAutoConfiguration : 

Using generated security password: a96ac6b9-e17f-48e9-9099-06504911324e

This generated password is for development use only. Your security configuration must be updated before running your application in production.

2026-07-16T14:47:04.376+04:00  INFO 43713 --- [circuit-simulator] [           main] o.s.s.web.DefaultSecurityFilterChain     : Will secure any request with [org.springframework.security.web.session.DisableEncodeUrlFilter@3dd2a70d, org.springframework.security.web.context.request.async.WebAsyncManagerIntegrationFilter@7ecf001f, org.springframework.security.web.context.SecurityContextHolderFilter@19266ca3, org.springframework.security.web.header.HeaderWriterFilter@42e20500, org.springframework.web.filter.CorsFilter@2620f935, org.springframework.security.web.authentication.logout.LogoutFilter@27ccf818, org.springframework.security.web.savedrequest.RequestCacheAwareFilter@627222d8, org.springframework.security.web.servletapi.SecurityContextHolderAwareRequestFilter@68330024, org.springframework.security.web.authentication.AnonymousAuthenticationFilter@6a3cb81c, org.springframework.security.web.access.ExceptionTranslationFilter@333afc53, org.springframework.security.web.access.intercept.AuthorizationFilter@1285ec6]
2026-07-16T14:47:04.714+04:00  INFO 43713 --- [circuit-simulator] [           main] c.e.circuit_simulator.CpL23SimSmokeTest  : Started CpL23SimSmokeTest in 5.348 seconds (process running for 6.674)
Hibernate: 
    select
        count(*) 
    from
        chapters c1_0
Hibernate: 
    select
        c1_0.id,
        c1_0.code,
        c1_0.display_order,
        c1_0.title_en,
        c1_0.title_ka 
    from
        chapters c1_0 
    where
        c1_0.code=?
Hibernate: 
    select
        p1_0.id,
        p1_0.chapter_id,
        p1_0.code,
        p1_0.created_at,
        p1_0.description,
        p1_0.difficulty,
        p1_0.display_order,
        p1_0.hint,
        p1_0.methodology,
        p1_0.questions,
        p1_0.title,
        p1_0.updated_at 
    from
        problems p1_0 
    where
        p1_0.code=?
Hibernate: 
    select
        p1_0.id,
        p1_0.chapter_id,
        p1_0.code,
        p1_0.created_at,
        p1_0.description,
        p1_0.difficulty,
        p1_0.display_order,
        p1_0.hint,
        p1_0.methodology,
        p1_0.questions,
        p1_0.title,
        p1_0.updated_at 
    from
        problems p1_0 
    where
        p1_0.code=?
Hibernate: 
    select
        p1_0.id,
        p1_0.chapter_id,
        p1_0.code,
        p1_0.created_at,
        p1_0.description,
        p1_0.difficulty,
        p1_0.display_order,
        p1_0.hint,
        p1_0.methodology,
        p1_0.questions,
        p1_0.title,
        p1_0.updated_at 
    from
        problems p1_0 
    where
        p1_0.code=?
Hibernate: 
    select
        p1_0.id,
        p1_0.chapter_id,
        p1_0.code,
        p1_0.created_at,
        p1_0.description,
        p1_0.difficulty,
        p1_0.display_order,
        p1_0.hint,
        p1_0.methodology,
        p1_0.questions,
        p1_0.title,
        p1_0.updated_at 
    from
        problems p1_0 
    where
        p1_0.code=?
Hibernate: 
    select
        p1_0.id,
        p1_0.chapter_id,
        p1_0.code,
        p1_0.created_at,
        p1_0.description,
        p1_0.difficulty,
        p1_0.display_order,
        p1_0.hint,
        p1_0.methodology,
        p1_0.questions,
        p1_0.title,
        p1_0.updated_at 
    from
        problems p1_0 
    where
        p1_0.code=?
Hibernate: 
    select
        p1_0.id,
        p1_0.chapter_id,
        p1_0.code,
        p1_0.created_at,
        p1_0.description,
        p1_0.difficulty,
        p1_0.display_order,
        p1_0.hint,
        p1_0.methodology,
        p1_0.questions,
        p1_0.title,
        p1_0.updated_at 
    from
        problems p1_0 
    where
        p1_0.code=?
Hibernate: 
    select
        p1_0.id,
        p1_0.chapter_id,
        p1_0.code,
        p1_0.created_at,
        p1_0.description,
        p1_0.difficulty,
        p1_0.display_order,
        p1_0.hint,
        p1_0.methodology,
        p1_0.questions,
        p1_0.title,
        p1_0.updated_at 
    from
        problems p1_0 
    where
        p1_0.code=?
Hibernate: 
    select
        p1_0.id,
        p1_0.chapter_id,
        p1_0.code,
        p1_0.created_at,
        p1_0.description,
        p1_0.difficulty,
        p1_0.display_order,
        p1_0.hint,
        p1_0.methodology,
        p1_0.questions,
        p1_0.title,
        p1_0.updated_at 
    from
        problems p1_0 
    where
        p1_0.code=?
Hibernate: 
    select
        p1_0.id,
        p1_0.chapter_id,
        p1_0.code,
        p1_0.created_at,
        p1_0.description,
        p1_0.difficulty,
        p1_0.display_order,
        p1_0.hint,
        p1_0.methodology,
        p1_0.questions,
        p1_0.title,
        p1_0.updated_at 
    from
        problems p1_0 
    where
        p1_0.code=?
Hibernate: 
    select
        p1_0.id,
        p1_0.chapter_id,
        p1_0.code,
        p1_0.created_at,
        p1_0.description,
        p1_0.difficulty,
        p1_0.display_order,
        p1_0.hint,
        p1_0.methodology,
        p1_0.questions,
        p1_0.title,
        p1_0.updated_at 
    from
        problems p1_0 
    where
        p1_0.code=?
Hibernate: 
    select
        p1_0.id,
        p1_0.chapter_id,
        p1_0.code,
        p1_0.created_at,
        p1_0.description,
        p1_0.difficulty,
        p1_0.display_order,
        p1_0.hint,
        p1_0.methodology,
        p1_0.questions,
        p1_0.title,
        p1_0.updated_at 
    from
        problems p1_0 
    where
        p1_0.code=?
Hibernate: 
    select
        p1_0.id,
        p1_0.chapter_id,
        p1_0.code,
        p1_0.created_at,
        p1_0.description,
        p1_0.difficulty,
        p1_0.display_order,
        p1_0.hint,
        p1_0.methodology,
        p1_0.questions,
        p1_0.title,
        p1_0.updated_at 
    from
        problems p1_0 
    where
        p1_0.code=?
Hibernate: 
    select
        p1_0.id,
        p1_0.chapter_id,
        p1_0.code,
        p1_0.created_at,
        p1_0.description,
        p1_0.difficulty,
        p1_0.display_order,
        p1_0.hint,
        p1_0.methodology,
        p1_0.questions,
        p1_0.title,
        p1_0.updated_at 
    from
        problems p1_0 
    where
        p1_0.code=?
Hibernate: 
    select
        p1_0.id,
        p1_0.chapter_id,
        p1_0.code,
        p1_0.created_at,
        p1_0.description,
        p1_0.difficulty,
        p1_0.display_order,
        p1_0.hint,
        p1_0.methodology,
        p1_0.questions,
        p1_0.title,
        p1_0.updated_at 
    from
        problems p1_0 
    where
        p1_0.code=?
ST chapter problems seeded (14).
Hibernate: 
    select
        c1_0.id,
        c1_0.code,
        c1_0.display_order,
        c1_0.title_en,
        c1_0.title_ka 
    from
        chapters c1_0 
    where
        c1_0.code=?
Hibernate: 
    select
        p1_0.id,
        p1_0.chapter_id,
        p1_0.code,
        p1_0.created_at,
        p1_0.description,
        p1_0.difficulty,
        p1_0.display_order,
        p1_0.hint,
        p1_0.methodology,
        p1_0.questions,
        p1_0.title,
        p1_0.updated_at 
    from
        problems p1_0 
    where
        p1_0.code=?
Hibernate: 
    select
        p1_0.id,
        p1_0.chapter_id,
        p1_0.code,
        p1_0.created_at,
        p1_0.description,
        p1_0.difficulty,
        p1_0.display_order,
        p1_0.hint,
        p1_0.methodology,
        p1_0.questions,
        p1_0.title,
        p1_0.updated_at 
    from
        problems p1_0 
    where
        p1_0.code=?
Hibernate: 
    select
        p1_0.id,
        p1_0.chapter_id,
        p1_0.code,
        p1_0.created_at,
        p1_0.description,
        p1_0.difficulty,
        p1_0.display_order,
        p1_0.hint,
        p1_0.methodology,
        p1_0.questions,
        p1_0.title,
        p1_0.updated_at 
    from
        problems p1_0 
    where
        p1_0.code=?
CP chapter problems seeded (3).
]]></system-out>
    <system-err><![CDATA[WARNING: A Java agent has been loaded dynamically (/home/sandro/.m2/repository/net/bytebuddy/byte-buddy-agent/1.14.10/byte-buddy-agent-1.14.10.jar)
WARNING: If a serviceability tool is in use, please run with -XX:+EnableDynamicAgentLoading to hide this warning
WARNING: If a serviceability tool is not in use, please run with -Djdk.instrument.traceUsage for more information
WARNING: Dynamic loading of agents will be disallowed by default in a future release
]]></system-err>
  </testcase>
  <testcase name="toggleToRightRunsTranWithLedProbes" classname="com.example.circuit_simulator.CpL23SimSmokeTest" time="0.044">
    <system-out><![CDATA[green start/end: 8.0E-4 / 0.0
red start/end: 0.0 / 8.0E-4
]]></system-out>
  </testcase>
  <testcase name="idleIsDc" classname="com.example.circuit_simulator.CpL23SimSmokeTest" time="0.015"/>
</testsuite>