<?xml version="1.0" encoding="UTF-8"?>
<testsuite xmlns:xsi="http://www.w3.org/2001/XMLSchema-instance" xsi:noNamespaceSchemaLocation="https://maven.apache.org/surefire/maven-surefire-plugin/xsd/surefire-test-report-3.0.xsd" version="3.0" name="com.example.circuit_simulator.DtrL310ProbeTest" time="10.395" tests="2" errors="0" skipped="0" failures="0">
  <properties>
[...]
</properties>
  <testcase name="probeVemf" classname="com.example.circuit_simulator.DtrL310ProbeTest" time="0.647">
    <system-out><![CDATA[23:53:03.273 [main] INFO org.springframework.test.context.support.AnnotationConfigContextLoaderUtils -- Could not detect default configuration classes for test class [com.example.circuit_simulator.DtrL310ProbeTest]: DtrL310ProbeTest does not declare any static, non-private, non-final, nested classes annotated with @Configuration.
23:53:03.419 [main] INFO org.springframework.boot.test.context.SpringBootTestContextBootstrapper -- Found @SpringBootConfiguration com.example.circuit_simulator.CircuitSimulatorApplication for test class com.example.circuit_simulator.DtrL310ProbeTest

  .   ____          _            __ _ _
 /\\ / ___'_ __ _ _(_)_ __  __ _ \ \ \ \
( ( )\___ | '_ | '_| | '_ \/ _` | \ \ \ \
 \\/  ___)| |_)| | | | | || (_| |  ) ) ) )
  '  |____| .__|_| |_|_| |_\__, | / / / /
 =========|_|==============|___/=/_/_/_/
 :: Spring Boot ::                (v3.2.0)

2026-07-21T23:53:03.903+04:00  INFO 636698 --- [circuit-simulator] [           main] c.e.circuit_simulator.DtrL310ProbeTest   : Starting DtrL310ProbeTest using Java 21.0.11 with PID 636698 (started by sandro in /home/sandro/final-project/interactive-circuit-platform/backend)
2026-07-21T23:53:03.905+04:00  INFO 636698 --- [circuit-simulator] [           main] c.e.circuit_simulator.DtrL310ProbeTest   : No active profile set, falling back to 1 default profile: "default"
2026-07-21T23:53:05.593+04:00  INFO 636698 --- [circuit-simulator] [           main] .s.d.r.c.RepositoryConfigurationDelegate : Bootstrapping Spring Data JPA repositories in DEFAULT mode.
2026-07-21T23:53:05.703+04:00  INFO 636698 --- [circuit-simulator] [           main] .s.d.r.c.RepositoryConfigurationDelegate : Finished Spring Data repository scanning in 98 ms. Found 7 JPA repository interfaces.
2026-07-21T23:53:06.466+04:00  INFO 636698 --- [circuit-simulator] [           main] o.hibernate.jpa.internal.util.LogHelper  : HHH000204: Processing PersistenceUnitInfo [name: default]
2026-07-21T23:53:06.525+04:00  INFO 636698 --- [circuit-simulator] [           main] org.hibernate.Version                    : HHH000412: Hibernate ORM core version 6.3.1.Final
2026-07-21T23:53:06.556+04:00  INFO 636698 --- [circuit-simulator] [           main] o.h.c.internal.RegionFactoryInitiator    : HHH000026: Second-level cache disabled
2026-07-21T23:53:06.667+04:00  INFO 636698 --- [circuit-simulator] [           main] com.zaxxer.hikari.HikariDataSource       : HikariPool-1 - Starting...
2026-07-21T23:53:06.937+04:00  INFO 636698 --- [circuit-simulator] [           main] com.zaxxer.hikari.pool.HikariPool        : HikariPool-1 - Added connection org.postgresql.jdbc.PgConnection@226d5af0
2026-07-21T23:53:06.939+04:00  INFO 636698 --- [circuit-simulator] [           main] com.zaxxer.hikari.HikariDataSource       : HikariPool-1 - Start completed.
2026-07-21T23:53:07.270+04:00  INFO 636698 --- [circuit-simulator] [           main] o.s.o.j.p.SpringPersistenceUnitInfo      : No LoadTimeWeaver setup: ignoring JPA class transformer
2026-07-21T23:53:08.425+04:00  INFO 636698 --- [circuit-simulator] [           main] o.h.e.t.j.p.i.JtaPlatformInitiator       : HHH000489: No JTA platform available (set 'hibernate.transaction.jta.platform' to enable JTA platform integration)
2026-07-21T23:53:08.545+04:00  INFO 636698 --- [circuit-simulator] [           main] j.LocalContainerEntityManagerFactoryBean : Initialized JPA EntityManagerFactory for persistence unit 'default'
2026-07-21T23:53:09.023+04:00  INFO 636698 --- [circuit-simulator] [           main] o.s.d.j.r.query.QueryEnhancerFactory     : Hibernate is in classpath; If applicable, HQL parser will be used.
2026-07-21T23:53:10.467+04:00  WARN 636698 --- [circuit-simulator] [           main] JpaBaseConfiguration$JpaWebConfiguration : spring.jpa.open-in-view is enabled by default. Therefore, database queries may be performed during view rendering. Explicitly configure spring.jpa.open-in-view to disable this warning
2026-07-21T23:53:10.505+04:00  WARN 636698 --- [circuit-simulator] [           main] .s.s.UserDetailsServiceAutoConfiguration : 

Using generated security password: 4a3e2435-7a32-4d86-9319-73a57265a7da

This generated password is for development use only. Your security configuration must be updated before running your application in production.

2026-07-21T23:53:10.986+04:00  INFO 636698 --- [circuit-simulator] [           main] o.s.s.web.DefaultSecurityFilterChain     : Will secure any request with [org.springframework.security.web.session.DisableEncodeUrlFilter@526ae1fc, org.springframework.security.web.context.request.async.WebAsyncManagerIntegrationFilter@cf9223f, org.springframework.security.web.context.SecurityContextHolderFilter@2bac4423, org.springframework.security.web.header.HeaderWriterFilter@6d7e2c53, org.springframework.web.filter.CorsFilter@7a62e096, org.springframework.security.web.authentication.logout.LogoutFilter@1c023dcb, org.springframework.security.web.savedrequest.RequestCacheAwareFilter@279e9c95, org.springframework.security.web.servletapi.SecurityContextHolderAwareRequestFilter@5546a9e0, org.springframework.security.web.authentication.AnonymousAuthenticationFilter@426d7d23, org.springframework.security.web.access.ExceptionTranslationFilter@2fe6bcbb, org.springframework.security.web.access.intercept.AuthorizationFilter@346d441a]
2026-07-21T23:53:11.564+04:00  INFO 636698 --- [circuit-simulator] [           main] c.e.circuit_simulator.DtrL310ProbeTest   : Started DtrL310ProbeTest in 7.993 seconds (process running for 9.065)
Hibernate: 
    select
        c1_0.id,
        c1_0.code,
        c1_0.display_order,
        c1_0.title_en,
        c1_0.title_ka 
    from
        chapters c1_0 
    where
        c1_0.code=?
Hibernate: 
    select
        c1_0.id,
        c1_0.code,
        c1_0.display_order,
        c1_0.title_en,
        c1_0.title_ka 
    from
        chapters c1_0 
    where
        c1_0.id=?
Hibernate: 
    select
        c1_0.id,
        c1_0.code,
        c1_0.display_order,
        c1_0.title_en,
        c1_0.title_ka 
    from
        chapters c1_0 
    where
        c1_0.code=?
Hibernate: 
    select
        c1_0.id,
        c1_0.code,
        c1_0.display_order,
        c1_0.title_en,
        c1_0.title_ka 
    from
        chapters c1_0 
    where
        c1_0.id=?
Hibernate: 
    select
        c1_0.id,
        c1_0.code,
        c1_0.display_order,
        c1_0.title_en,
        c1_0.title_ka 
    from
        chapters c1_0 
    where
        c1_0.code=?
Hibernate: 
    select
        c1_0.id,
        c1_0.code,
        c1_0.display_order,
        c1_0.title_en,
        c1_0.title_ka 
    from
        chapters c1_0 
    where
        c1_0.id=?
Hibernate: 
    select
        c1_0.id,
        c1_0.code,
        c1_0.display_order,
        c1_0.title_en,
        c1_0.title_ka 
    from
        chapters c1_0 
    where
        c1_0.code=?
Hibernate: 
    select
        c1_0.id,
        c1_0.code,
        c1_0.display_order,
        c1_0.title_en,
        c1_0.title_ka 
    from
        chapters c1_0 
    where
        c1_0.id=?
Hibernate: 
    select
        c1_0.id,
        c1_0.code,
        c1_0.display_order,
        c1_0.title_en,
        c1_0.title_ka 
    from
        chapters c1_0 
    where
        c1_0.code=?
Hibernate: 
    select
        c1_0.id,
        c1_0.code,
        c1_0.display_order,
        c1_0.title_en,
        c1_0.title_ka 
    from
        chapters c1_0 
    where
        c1_0.id=?
Hibernate: 
    select
        c1_0.id,
        c1_0.code,
        c1_0.display_order,
        c1_0.title_en,
        c1_0.title_ka 
    from
        chapters c1_0 
    where
        c1_0.code=?
Hibernate: 
    select
        c1_0.id,
        c1_0.code,
        c1_0.display_order,
        c1_0.title_en,
        c1_0.title_ka 
    from
        chapters c1_0 
    where
        c1_0.id=?
Hibernate: 
    select
        c1_0.id,
        c1_0.code,
        c1_0.display_order,
        c1_0.title_en,
        c1_0.title_ka 
    from
        chapters c1_0 
    where
        c1_0.code=?
Hibernate: 
    select
        c1_0.id,
        c1_0.code,
        c1_0.display_order,
        c1_0.title_en,
        c1_0.title_ka 
    from
        chapters c1_0 
    where
        c1_0.id=?
Hibernate: 
    select
        c1_0.id,
        c1_0.code,
        c1_0.display_order,
        c1_0.title_en,
        c1_0.title_ka 
    from
        chapters c1_0 
    where
        c1_0.code=?
Hibernate: 
    select
        c1_0.id,
        c1_0.code,
        c1_0.display_order,
        c1_0.title_en,
        c1_0.title_ka 
    from
        chapters c1_0 
    where
        c1_0.id=?
Hibernate: 
    select
        c1_0.id,
        c1_0.code,
        c1_0.display_order,
        c1_0.title_en,
        c1_0.title_ka 
    from
        chapters c1_0 
    where
        c1_0.code=?
Hibernate: 
    select
        c1_0.id,
        c1_0.code,
        c1_0.display_order,
        c1_0.title_en,
        c1_0.title_ka 
    from
        chapters c1_0 
    where
        c1_0.id=?
Hibernate: 
    select
        c1_0.id,
        c1_0.code,
        c1_0.display_order,
        c1_0.title_en,
        c1_0.title_ka 
    from
        chapters c1_0 
    where
        c1_0.code=?
Hibernate: 
    select
        c1_0.id,
        c1_0.code,
        c1_0.display_order,
        c1_0.title_en,
        c1_0.title_ka 
    from
        chapters c1_0 
    where
        c1_0.id=?
Hibernate: 
    select
        c1_0.id,
        c1_0.code,
        c1_0.display_order,
        c1_0.title_en,
        c1_0.title_ka 
    from
        chapters c1_0 
    where
        c1_0.code=?
Hibernate: 
    select
        c1_0.id,
        c1_0.code,
        c1_0.display_order,
        c1_0.title_en,
        c1_0.title_ka 
    from
        chapters c1_0 
    where
        c1_0.id=?
Hibernate: 
    select
        c1_0.id,
        c1_0.code,
        c1_0.display_order,
        c1_0.title_en,
        c1_0.title_ka 
    from
        chapters c1_0 
    where
        c1_0.code=?
Hibernate: 
    select
        c1_0.id,
        c1_0.code,
        c1_0.display_order,
        c1_0.title_en,
        c1_0.title_ka 
    from
        chapters c1_0 
    where
        c1_0.id=?
Hibernate: 
    select
        c1_0.id,
        c1_0.code,
        c1_0.display_order,
        c1_0.title_en,
        c1_0.title_ka 
    from
        chapters c1_0 
    where
        c1_0.code=?
Hibernate: 
    select
        c1_0.id,
        c1_0.code,
        c1_0.display_order,
        c1_0.title_en,
        c1_0.title_ka 
    from
        chapters c1_0 
    where
        c1_0.id=?
Hibernate: 
    select
        c1_0.id,
        c1_0.code,
        c1_0.display_order,
        c1_0.title_en,
        c1_0.title_ka 
    from
        chapters c1_0 
    where
        c1_0.code=?
Hibernate: 
    select
        c1_0.id,
        c1_0.code,
        c1_0.display_order,
        c1_0.title_en,
        c1_0.title_ka 
    from
        chapters c1_0 
    where
        c1_0.id=?
Chapters seeded.
Hibernate: 
    select
        c1_0.id,
        c1_0.code,
        c1_0.display_order,
        c1_0.title_en,
        c1_0.title_ka 
    from
        chapters c1_0 
    where
        c1_0.code=?
Hibernate: 
    select
        p1_0.id,
        p1_0.chapter_id,
        p1_0.code,
        p1_0.created_at,
        p1_0.description,
        p1_0.difficulty,
        p1_0.display_order,
        p1_0.hint,
        p1_0.methodology,
        p1_0.questions,
        p1_0.title,
        p1_0.updated_at 
    from
        problems p1_0 
    where
        p1_0.code=?
Hibernate: 
    select
        c1_0.id,
        c1_0.code,
        c1_0.display_order,
        c1_0.title_en,
        c1_0.title_ka 
    from
        chapters c1_0 
    where
        c1_0.code=?
Hibernate: 
    select
        p1_0.id,
        p1_0.chapter_id,
        p1_0.code,
        p1_0.created_at,
        p1_0.description,
        p1_0.difficulty,
        p1_0.display_order,
        p1_0.hint,
        p1_0.methodology,
        p1_0.questions,
        p1_0.title,
        p1_0.updated_at 
    from
        problems p1_0 
    where
        p1_0.code=?
Hibernate: 
    select
        p1_0.id,
        p1_0.chapter_id,
        p1_0.code,
        p1_0.created_at,
        p1_0.description,
        p1_0.difficulty,
        p1_0.display_order,
        p1_0.hint,
        p1_0.methodology,
        p1_0.questions,
        p1_0.title,
        p1_0.updated_at 
    from
        problems p1_0 
    where
        p1_0.code=?
Hibernate: 
    select
        p1_0.id,
        p1_0.chapter_id,
        p1_0.code,
        p1_0.created_at,
        p1_0.description,
        p1_0.difficulty,
        p1_0.display_order,
        p1_0.hint,
        p1_0.methodology,
        p1_0.questions,
        p1_0.title,
        p1_0.updated_at 
    from
        problems p1_0 
    where
        p1_0.code=?
Hibernate: 
    select
        p1_0.id,
        p1_0.chapter_id,
        p1_0.code,
        p1_0.created_at,
        p1_0.description,
        p1_0.difficulty,
        p1_0.display_order,
        p1_0.hint,
        p1_0.methodology,
        p1_0.questions,
        p1_0.title,
        p1_0.updated_at 
    from
        problems p1_0 
    where
        p1_0.code=?
Hibernate: 
    select
        p1_0.id,
        p1_0.chapter_id,
        p1_0.code,
        p1_0.created_at,
        p1_0.description,
        p1_0.difficulty,
        p1_0.display_order,
        p1_0.hint,
        p1_0.methodology,
        p1_0.questions,
        p1_0.title,
        p1_0.updated_at 
    from
        problems p1_0 
    where
        p1_0.code=?
Hibernate: 
    select
        p1_0.id,
        p1_0.chapter_id,
        p1_0.code,
        p1_0.created_at,
        p1_0.description,
        p1_0.difficulty,
        p1_0.display_order,
        p1_0.hint,
        p1_0.methodology,
        p1_0.questions,
        p1_0.title,
        p1_0.updated_at 
    from
        problems p1_0 
    where
        p1_0.code=?
Hibernate: 
    select
        p1_0.id,
        p1_0.chapter_id,
        p1_0.code,
        p1_0.created_at,
        p1_0.description,
        p1_0.difficulty,
        p1_0.display_order,
        p1_0.hint,
        p1_0.methodology,
        p1_0.questions,
        p1_0.title,
        p1_0.updated_at 
    from
        problems p1_0 
    where
        p1_0.code=?
Hibernate: 
    select
        p1_0.id,
        p1_0.chapter_id,
        p1_0.code,
        p1_0.created_at,
        p1_0.description,
        p1_0.difficulty,
        p1_0.display_order,
        p1_0.hint,
        p1_0.methodology,
        p1_0.questions,
        p1_0.title,
        p1_0.updated_at 
    from
        problems p1_0 
    where
        p1_0.code=?
Hibernate: 
    select
        p1_0.id,
        p1_0.chapter_id,
        p1_0.code,
        p1_0.created_at,
        p1_0.description,
        p1_0.difficulty,
        p1_0.display_order,
        p1_0.hint,
        p1_0.methodology,
        p1_0.questions,
        p1_0.title,
        p1_0.updated_at 
    from
        problems p1_0 
    where
        p1_0.code=?
Hibernate: 
    select
        p1_0.id,
        p1_0.chapter_id,
        p1_0.code,
        p1_0.created_at,
        p1_0.description,
        p1_0.difficulty,
        p1_0.display_order,
        p1_0.hint,
        p1_0.methodology,
        p1_0.questions,
        p1_0.title,
        p1_0.updated_at 
    from
        problems p1_0 
    where
        p1_0.code=?
Hibernate: 
    select
        p1_0.id,
        p1_0.chapter_id,
        p1_0.code,
        p1_0.created_at,
        p1_0.description,
        p1_0.difficulty,
        p1_0.display_order,
        p1_0.hint,
        p1_0.methodology,
        p1_0.questions,
        p1_0.title,
        p1_0.updated_at 
    from
        problems p1_0 
    where
        p1_0.code=?
Hibernate: 
    select
        p1_0.id,
        p1_0.chapter_id,
        p1_0.code,
        p1_0.created_at,
        p1_0.description,
        p1_0.difficulty,
        p1_0.display_order,
        p1_0.hint,
        p1_0.methodology,
        p1_0.questions,
        p1_0.title,
        p1_0.updated_at 
    from
        problems p1_0 
    where
        p1_0.code=?
Hibernate: 
    select
        p1_0.id,
        p1_0.chapter_id,
        p1_0.code,
        p1_0.created_at,
        p1_0.description,
        p1_0.difficulty,
        p1_0.display_order,
        p1_0.hint,
        p1_0.methodology,
        p1_0.questions,
        p1_0.title,
        p1_0.updated_at 
    from
        problems p1_0 
    where
        p1_0.code=?
Hibernate: 
    select
        p1_0.id,
        p1_0.chapter_id,
        p1_0.code,
        p1_0.created_at,
        p1_0.description,
        p1_0.difficulty,
        p1_0.display_order,
        p1_0.hint,
        p1_0.methodology,
        p1_0.questions,
        p1_0.title,
        p1_0.updated_at 
    from
        problems p1_0 
    where
        p1_0.code=?
ST chapter problems seeded (14).
Hibernate: 
    select
        c1_0.id,
        c1_0.code,
        c1_0.display_order,
        c1_0.title_en,
        c1_0.title_ka 
    from
        chapters c1_0 
    where
        c1_0.code=?
Hibernate: 
    select
        p1_0.id,
        p1_0.chapter_id,
        p1_0.code,
        p1_0.created_at,
        p1_0.description,
        p1_0.difficulty,
        p1_0.display_order,
        p1_0.hint,
        p1_0.methodology,
        p1_0.questions,
        p1_0.title,
        p1_0.updated_at 
    from
        problems p1_0 
    where
        p1_0.code=?
Hibernate: 
    select
        p1_0.id,
        p1_0.chapter_id,
        p1_0.code,
        p1_0.created_at,
        p1_0.description,
        p1_0.difficulty,
        p1_0.display_order,
        p1_0.hint,
        p1_0.methodology,
        p1_0.questions,
        p1_0.title,
        p1_0.updated_at 
    from
        problems p1_0 
    where
        p1_0.code=?
Hibernate: 
    select
        p1_0.id,
        p1_0.chapter_id,
        p1_0.code,
        p1_0.created_at,
        p1_0.description,
        p1_0.difficulty,
        p1_0.display_order,
        p1_0.hint,
        p1_0.methodology,
        p1_0.questions,
        p1_0.title,
        p1_0.updated_at 
    from
        problems p1_0 
    where
        p1_0.code=?
Hibernate: 
    select
        p1_0.id,
        p1_0.chapter_id,
        p1_0.code,
        p1_0.created_at,
        p1_0.description,
        p1_0.difficulty,
        p1_0.display_order,
        p1_0.hint,
        p1_0.methodology,
        p1_0.questions,
        p1_0.title,
        p1_0.updated_at 
    from
        problems p1_0 
    where
        p1_0.code=?
Hibernate: 
    select
        p1_0.id,
        p1_0.chapter_id,
        p1_0.code,
        p1_0.created_at,
        p1_0.description,
        p1_0.difficulty,
        p1_0.display_order,
        p1_0.hint,
        p1_0.methodology,
        p1_0.questions,
        p1_0.title,
        p1_0.updated_at 
    from
        problems p1_0 
    where
        p1_0.code=?
LR chapter problems seeded (5).
Hibernate: 
    select
        c1_0.id,
        c1_0.code,
        c1_0.display_order,
        c1_0.title_en,
        c1_0.title_ka 
    from
        chapters c1_0 
    where
        c1_0.code=?
Hibernate: 
    select
        p1_0.id,
        p1_0.chapter_id,
        p1_0.code,
        p1_0.created_at,
        p1_0.description,
        p1_0.difficulty,
        p1_0.display_order,
        p1_0.hint,
        p1_0.methodology,
        p1_0.questions,
        p1_0.title,
        p1_0.updated_at 
    from
        problems p1_0 
    where
        p1_0.code=?
Hibernate: 
    select
        p1_0.id,
        p1_0.chapter_id,
        p1_0.code,
        p1_0.created_at,
        p1_0.description,
        p1_0.difficulty,
        p1_0.display_order,
        p1_0.hint,
        p1_0.methodology,
        p1_0.questions,
        p1_0.title,
        p1_0.updated_at 
    from
        problems p1_0 
    where
        p1_0.code=?
Hibernate: 
    select
        p1_0.id,
        p1_0.chapter_id,
        p1_0.code,
        p1_0.created_at,
        p1_0.description,
        p1_0.difficulty,
        p1_0.display_order,
        p1_0.hint,
        p1_0.methodology,
        p1_0.questions,
        p1_0.title,
        p1_0.updated_at 
    from
        problems p1_0 
    where
        p1_0.code=?
Hibernate: 
    select
        p1_0.id,
        p1_0.chapter_id,
        p1_0.code,
        p1_0.created_at,
        p1_0.description,
        p1_0.difficulty,
        p1_0.display_order,
        p1_0.hint,
        p1_0.methodology,
        p1_0.questions,
        p1_0.title,
        p1_0.updated_at 
    from
        problems p1_0 
    where
        p1_0.code=?
Hibernate: 
    select
        p1_0.id,
        p1_0.chapter_id,
        p1_0.code,
        p1_0.created_at,
        p1_0.description,
        p1_0.difficulty,
        p1_0.display_order,
        p1_0.hint,
        p1_0.methodology,
        p1_0.questions,
        p1_0.title,
        p1_0.updated_at 
    from
        problems p1_0 
    where
        p1_0.code=?
Hibernate: 
    select
        p1_0.id,
        p1_0.chapter_id,
        p1_0.code,
        p1_0.created_at,
        p1_0.description,
        p1_0.difficulty,
        p1_0.display_order,
        p1_0.hint,
        p1_0.methodology,
        p1_0.questions,
        p1_0.title,
        p1_0.updated_at 
    from
        problems p1_0 
    where
        p1_0.code=?
Hibernate: 
    select
        p1_0.id,
        p1_0.chapter_id,
        p1_0.code,
        p1_0.created_at,
        p1_0.description,
        p1_0.difficulty,
        p1_0.display_order,
        p1_0.hint,
        p1_0.methodology,
        p1_0.questions,
        p1_0.title,
        p1_0.updated_at 
    from
        problems p1_0 
    where
        p1_0.code=?
Hibernate: 
    select
        p1_0.id,
        p1_0.chapter_id,
        p1_0.code,
        p1_0.created_at,
        p1_0.description,
        p1_0.difficulty,
        p1_0.display_order,
        p1_0.hint,
        p1_0.methodology,
        p1_0.questions,
        p1_0.title,
        p1_0.updated_at 
    from
        problems p1_0 
    where
        p1_0.code=?
Hibernate: 
    select
        p1_0.id,
        p1_0.chapter_id,
        p1_0.code,
        p1_0.created_at,
        p1_0.description,
        p1_0.difficulty,
        p1_0.display_order,
        p1_0.hint,
        p1_0.methodology,
        p1_0.questions,
        p1_0.title,
        p1_0.updated_at 
    from
        problems p1_0 
    where
        p1_0.code=?
Hibernate: 
    select
        p1_0.id,
        p1_0.chapter_id,
        p1_0.code,
        p1_0.created_at,
        p1_0.description,
        p1_0.difficulty,
        p1_0.display_order,
        p1_0.hint,
        p1_0.methodology,
        p1_0.questions,
        p1_0.title,
        p1_0.updated_at 
    from
        problems p1_0 
    where
        p1_0.code=?
Hibernate: 
    select
        p1_0.id,
        p1_0.chapter_id,
        p1_0.code,
        p1_0.created_at,
        p1_0.description,
        p1_0.difficulty,
        p1_0.display_order,
        p1_0.hint,
        p1_0.methodology,
        p1_0.questions,
        p1_0.title,
        p1_0.updated_at 
    from
        problems p1_0 
    where
        p1_0.code=?
Hibernate: 
    select
        p1_0.id,
        p1_0.chapter_id,
        p1_0.code,
        p1_0.created_at,
        p1_0.description,
        p1_0.difficulty,
        p1_0.display_order,
        p1_0.hint,
        p1_0.methodology,
        p1_0.questions,
        p1_0.title,
        p1_0.updated_at 
    from
        problems p1_0 
    where
        p1_0.code=?
Hibernate: 
    select
        p1_0.id,
        p1_0.chapter_id,
        p1_0.code,
        p1_0.created_at,
        p1_0.description,
        p1_0.difficulty,
        p1_0.display_order,
        p1_0.hint,
        p1_0.methodology,
        p1_0.questions,
        p1_0.title,
        p1_0.updated_at 
    from
        problems p1_0 
    where
        p1_0.code=?
SW chapter problems seeded (13).
Hibernate: 
    select
        c1_0.id,
        c1_0.code,
        c1_0.display_order,
        c1_0.title_en,
        c1_0.title_ka 
    from
        chapters c1_0 
    where
        c1_0.code=?
Hibernate: 
    select
        p1_0.id,
        p1_0.chapter_id,
        p1_0.code,
        p1_0.created_at,
        p1_0.description,
        p1_0.difficulty,
        p1_0.display_order,
        p1_0.hint,
        p1_0.methodology,
        p1_0.questions,
        p1_0.title,
        p1_0.updated_at 
    from
        problems p1_0 
    where
        p1_0.code=?
Hibernate: 
    select
        p1_0.id,
        p1_0.chapter_id,
        p1_0.code,
        p1_0.created_at,
        p1_0.description,
        p1_0.difficulty,
        p1_0.display_order,
        p1_0.hint,
        p1_0.methodology,
        p1_0.questions,
        p1_0.title,
        p1_0.updated_at 
    from
        problems p1_0 
    where
        p1_0.code=?
Hibernate: 
    select
        p1_0.id,
        p1_0.chapter_id,
        p1_0.code,
        p1_0.created_at,
        p1_0.description,
        p1_0.difficulty,
        p1_0.display_order,
        p1_0.hint,
        p1_0.methodology,
        p1_0.questions,
        p1_0.title,
        p1_0.updated_at 
    from
        problems p1_0 
    where
        p1_0.code=?
Hibernate: 
    select
        p1_0.id,
        p1_0.chapter_id,
        p1_0.code,
        p1_0.created_at,
        p1_0.description,
        p1_0.difficulty,
        p1_0.display_order,
        p1_0.hint,
        p1_0.methodology,
        p1_0.questions,
        p1_0.title,
        p1_0.updated_at 
    from
        problems p1_0 
    where
        p1_0.code=?
Hibernate: 
    select
        p1_0.id,
        p1_0.chapter_id,
        p1_0.code,
        p1_0.created_at,
        p1_0.description,
        p1_0.difficulty,
        p1_0.display_order,
        p1_0.hint,
        p1_0.methodology,
        p1_0.questions,
        p1_0.title,
        p1_0.updated_at 
    from
        problems p1_0 
    where
        p1_0.code=?
Hibernate: 
    select
        p1_0.id,
        p1_0.chapter_id,
        p1_0.code,
        p1_0.created_at,
        p1_0.description,
        p1_0.difficulty,
        p1_0.display_order,
        p1_0.hint,
        p1_0.methodology,
        p1_0.questions,
        p1_0.title,
        p1_0.updated_at 
    from
        problems p1_0 
    where
        p1_0.code=?
Hibernate: 
    select
        p1_0.id,
        p1_0.chapter_id,
        p1_0.code,
        p1_0.created_at,
        p1_0.description,
        p1_0.difficulty,
        p1_0.display_order,
        p1_0.hint,
        p1_0.methodology,
        p1_0.questions,
        p1_0.title,
        p1_0.updated_at 
    from
        problems p1_0 
    where
        p1_0.code=?
Hibernate: 
    select
        p1_0.id,
        p1_0.chapter_id,
        p1_0.code,
        p1_0.created_at,
        p1_0.description,
        p1_0.difficulty,
        p1_0.display_order,
        p1_0.hint,
        p1_0.methodology,
        p1_0.questions,
        p1_0.title,
        p1_0.updated_at 
    from
        problems p1_0 
    where
        p1_0.code=?
Hibernate: 
    select
        p1_0.id,
        p1_0.chapter_id,
        p1_0.code,
        p1_0.created_at,
        p1_0.description,
        p1_0.difficulty,
        p1_0.display_order,
        p1_0.hint,
        p1_0.methodology,
        p1_0.questions,
        p1_0.title,
        p1_0.updated_at 
    from
        problems p1_0 
    where
        p1_0.code=?
Hibernate: 
    select
        p1_0.id,
        p1_0.chapter_id,
        p1_0.code,
        p1_0.created_at,
        p1_0.description,
        p1_0.difficulty,
        p1_0.display_order,
        p1_0.hint,
        p1_0.methodology,
        p1_0.questions,
        p1_0.title,
        p1_0.updated_at 
    from
        problems p1_0 
    where
        p1_0.code=?
Hibernate: 
    select
        p1_0.id,
        p1_0.chapter_id,
        p1_0.code,
        p1_0.created_at,
        p1_0.description,
        p1_0.difficulty,
        p1_0.display_order,
        p1_0.hint,
        p1_0.methodology,
        p1_0.questions,
        p1_0.title,
        p1_0.updated_at 
    from
        problems p1_0 
    where
        p1_0.code=?
Hibernate: 
    select
        p1_0.id,
        p1_0.chapter_id,
        p1_0.code,
        p1_0.created_at,
        p1_0.description,
        p1_0.difficulty,
        p1_0.display_order,
        p1_0.hint,
        p1_0.methodology,
        p1_0.questions,
        p1_0.title,
        p1_0.updated_at 
    from
        problems p1_0 
    where
        p1_0.code=?
Hibernate: 
    select
        p1_0.id,
        p1_0.chapter_id,
        p1_0.code,
        p1_0.created_at,
        p1_0.description,
        p1_0.difficulty,
        p1_0.display_order,
        p1_0.hint,
        p1_0.methodology,
        p1_0.questions,
        p1_0.title,
        p1_0.updated_at 
    from
        problems p1_0 
    where
        p1_0.code=?
DM chapter problems seeded (13).
Hibernate: 
    select
        c1_0.id,
        c1_0.code,
        c1_0.display_order,
        c1_0.title_en,
        c1_0.title_ka 
    from
        chapters c1_0 
    where
        c1_0.code=?
Hibernate: 
    select
        p1_0.id,
        p1_0.chapter_id,
        p1_0.code,
        p1_0.created_at,
        p1_0.description,
        p1_0.difficulty,
        p1_0.display_order,
        p1_0.hint,
        p1_0.methodology,
        p1_0.questions,
        p1_0.title,
        p1_0.updated_at 
    from
        problems p1_0 
    where
        p1_0.code=?
Hibernate: 
    select
        p1_0.id,
        p1_0.chapter_id,
        p1_0.code,
        p1_0.created_at,
        p1_0.description,
        p1_0.difficulty,
        p1_0.display_order,
        p1_0.hint,
        p1_0.methodology,
        p1_0.questions,
        p1_0.title,
        p1_0.updated_at 
    from
        problems p1_0 
    where
        p1_0.code=?
Hibernate: 
    select
        p1_0.id,
        p1_0.chapter_id,
        p1_0.code,
        p1_0.created_at,
        p1_0.description,
        p1_0.difficulty,
        p1_0.display_order,
        p1_0.hint,
        p1_0.methodology,
        p1_0.questions,
        p1_0.title,
        p1_0.updated_at 
    from
        problems p1_0 
    where
        p1_0.code=?
Hibernate: 
    select
        p1_0.id,
        p1_0.chapter_id,
        p1_0.code,
        p1_0.created_at,
        p1_0.description,
        p1_0.difficulty,
        p1_0.display_order,
        p1_0.hint,
        p1_0.methodology,
        p1_0.questions,
        p1_0.title,
        p1_0.updated_at 
    from
        problems p1_0 
    where
        p1_0.code=?
Hibernate: 
    select
        p1_0.id,
        p1_0.chapter_id,
        p1_0.code,
        p1_0.created_at,
        p1_0.description,
        p1_0.difficulty,
        p1_0.display_order,
        p1_0.hint,
        p1_0.methodology,
        p1_0.questions,
        p1_0.title,
        p1_0.updated_at 
    from
        problems p1_0 
    where
        p1_0.code=?
Hibernate: 
    select
        p1_0.id,
        p1_0.chapter_id,
        p1_0.code,
        p1_0.created_at,
        p1_0.description,
        p1_0.difficulty,
        p1_0.display_order,
        p1_0.hint,
        p1_0.methodology,
        p1_0.questions,
        p1_0.title,
        p1_0.updated_at 
    from
        problems p1_0 
    where
        p1_0.code=?
Hibernate: 
    select
        p1_0.id,
        p1_0.chapter_id,
        p1_0.code,
        p1_0.created_at,
        p1_0.description,
        p1_0.difficulty,
        p1_0.display_order,
        p1_0.hint,
        p1_0.methodology,
        p1_0.questions,
        p1_0.title,
        p1_0.updated_at 
    from
        problems p1_0 
    where
        p1_0.code=?
Hibernate: 
    select
        p1_0.id,
        p1_0.chapter_id,
        p1_0.code,
        p1_0.created_at,
        p1_0.description,
        p1_0.difficulty,
        p1_0.display_order,
        p1_0.hint,
        p1_0.methodology,
        p1_0.questions,
        p1_0.title,
        p1_0.updated_at 
    from
        problems p1_0 
    where
        p1_0.code=?
Hibernate: 
    select
        p1_0.id,
        p1_0.chapter_id,
        p1_0.code,
        p1_0.created_at,
        p1_0.description,
        p1_0.difficulty,
        p1_0.display_order,
        p1_0.hint,
        p1_0.methodology,
        p1_0.questions,
        p1_0.title,
        p1_0.updated_at 
    from
        problems p1_0 
    where
        p1_0.code=?
VR chapter problems seeded (9).
Hibernate: 
    select
        c1_0.id,
        c1_0.code,
        c1_0.display_order,
        c1_0.title_en,
        c1_0.title_ka 
    from
        chapters c1_0 
    where
        c1_0.code=?
Hibernate: 
    select
        p1_0.id,
        p1_0.chapter_id,
        p1_0.code,
        p1_0.created_at,
        p1_0.description,
        p1_0.difficulty,
        p1_0.display_order,
        p1_0.hint,
        p1_0.methodology,
        p1_0.questions,
        p1_0.title,
        p1_0.updated_at 
    from
        problems p1_0 
    where
        p1_0.code=?
Hibernate: 
    select
        p1_0.id,
        p1_0.chapter_id,
        p1_0.code,
        p1_0.created_at,
        p1_0.description,
        p1_0.difficulty,
        p1_0.display_order,
        p1_0.hint,
        p1_0.methodology,
        p1_0.questions,
        p1_0.title,
        p1_0.updated_at 
    from
        problems p1_0 
    where
        p1_0.code=?
Hibernate: 
    select
        p1_0.id,
        p1_0.chapter_id,
        p1_0.code,
        p1_0.created_at,
        p1_0.description,
        p1_0.difficulty,
        p1_0.display_order,
        p1_0.hint,
        p1_0.methodology,
        p1_0.questions,
        p1_0.title,
        p1_0.updated_at 
    from
        problems p1_0 
    where
        p1_0.code=?
Hibernate: 
    select
        p1_0.id,
        p1_0.chapter_id,
        p1_0.code,
        p1_0.created_at,
        p1_0.description,
        p1_0.difficulty,
        p1_0.display_order,
        p1_0.hint,
        p1_0.methodology,
        p1_0.questions,
        p1_0.title,
        p1_0.updated_at 
    from
        problems p1_0 
    where
        p1_0.code=?
Hibernate: 
    select
        p1_0.id,
        p1_0.chapter_id,
        p1_0.code,
        p1_0.created_at,
        p1_0.description,
        p1_0.difficulty,
        p1_0.display_order,
        p1_0.hint,
        p1_0.methodology,
        p1_0.questions,
        p1_0.title,
        p1_0.updated_at 
    from
        problems p1_0 
    where
        p1_0.code=?
Hibernate: 
    select
        p1_0.id,
        p1_0.chapter_id,
        p1_0.code,
        p1_0.created_at,
        p1_0.description,
        p1_0.difficulty,
        p1_0.display_order,
        p1_0.hint,
        p1_0.methodology,
        p1_0.questions,
        p1_0.title,
        p1_0.updated_at 
    from
        problems p1_0 
    where
        p1_0.code=?
Hibernate: 
    select
        p1_0.id,
        p1_0.chapter_id,
        p1_0.code,
        p1_0.created_at,
        p1_0.description,
        p1_0.difficulty,
        p1_0.display_order,
        p1_0.hint,
        p1_0.methodology,
        p1_0.questions,
        p1_0.title,
        p1_0.updated_at 
    from
        problems p1_0 
    where
        p1_0.code=?
Hibernate: 
    select
        p1_0.id,
        p1_0.chapter_id,
        p1_0.code,
        p1_0.created_at,
        p1_0.description,
        p1_0.difficulty,
        p1_0.display_order,
        p1_0.hint,
        p1_0.methodology,
        p1_0.questions,
        p1_0.title,
        p1_0.updated_at 
    from
        problems p1_0 
    where
        p1_0.code=?
Hibernate: 
    select
        p1_0.id,
        p1_0.chapter_id,
        p1_0.code,
        p1_0.created_at,
        p1_0.description,
        p1_0.difficulty,
        p1_0.display_order,
        p1_0.hint,
        p1_0.methodology,
        p1_0.questions,
        p1_0.title,
        p1_0.updated_at 
    from
        problems p1_0 
    where
        p1_0.code=?
Hibernate: 
    select
        p1_0.id,
        p1_0.chapter_id,
        p1_0.code,
        p1_0.created_at,
        p1_0.description,
        p1_0.difficulty,
        p1_0.display_order,
        p1_0.hint,
        p1_0.methodology,
        p1_0.questions,
        p1_0.title,
        p1_0.updated_at 
    from
        problems p1_0 
    where
        p1_0.code=?
Hibernate: 
    select
        p1_0.id,
        p1_0.chapter_id,
        p1_0.code,
        p1_0.created_at,
        p1_0.description,
        p1_0.difficulty,
        p1_0.display_order,
        p1_0.hint,
        p1_0.methodology,
        p1_0.questions,
        p1_0.title,
        p1_0.updated_at 
    from
        problems p1_0 
    where
        p1_0.code=?
Hibernate: 
    select
        p1_0.id,
        p1_0.chapter_id,
        p1_0.code,
        p1_0.created_at,
        p1_0.description,
        p1_0.difficulty,
        p1_0.display_order,
        p1_0.hint,
        p1_0.methodology,
        p1_0.questions,
        p1_0.title,
        p1_0.updated_at 
    from
        problems p1_0 
    where
        p1_0.code=?
Hibernate: 
    select
        p1_0.id,
        p1_0.chapter_id,
        p1_0.code,
        p1_0.created_at,
        p1_0.description,
        p1_0.difficulty,
        p1_0.display_order,
        p1_0.hint,
        p1_0.methodology,
        p1_0.questions,
        p1_0.title,
        p1_0.updated_at 
    from
        problems p1_0 
    where
        p1_0.code=?
Hibernate: 
    select
        p1_0.id,
        p1_0.chapter_id,
        p1_0.code,
        p1_0.created_at,
        p1_0.description,
        p1_0.difficulty,
        p1_0.display_order,
        p1_0.hint,
        p1_0.methodology,
        p1_0.questions,
        p1_0.title,
        p1_0.updated_at 
    from
        problems p1_0 
    where
        p1_0.code=?
Hibernate: 
    select
        p1_0.id,
        p1_0.chapter_id,
        p1_0.code,
        p1_0.created_at,
        p1_0.description,
        p1_0.difficulty,
        p1_0.display_order,
        p1_0.hint,
        p1_0.methodology,
        p1_0.questions,
        p1_0.title,
        p1_0.updated_at 
    from
        problems p1_0 
    where
        p1_0.code=?
CP chapter problems seeded (15).
Hibernate: 
    select
        c1_0.id,
        c1_0.code,
        c1_0.display_order,
        c1_0.title_en,
        c1_0.title_ka 
    from
        chapters c1_0 
    where
        c1_0.code=?
Hibernate: 
    select
        p1_0.id,
        p1_0.chapter_id,
        p1_0.code,
        p1_0.created_at,
        p1_0.description,
        p1_0.difficulty,
        p1_0.display_order,
        p1_0.hint,
        p1_0.methodology,
        p1_0.questions,
        p1_0.title,
        p1_0.updated_at 
    from
        problems p1_0 
    where
        p1_0.code=?
Hibernate: 
    select
        p1_0.id,
        p1_0.chapter_id,
        p1_0.code,
        p1_0.created_at,
        p1_0.description,
        p1_0.difficulty,
        p1_0.display_order,
        p1_0.hint,
        p1_0.methodology,
        p1_0.questions,
        p1_0.title,
        p1_0.updated_at 
    from
        problems p1_0 
    where
        p1_0.code=?
Hibernate: 
    select
        p1_0.id,
        p1_0.chapter_id,
        p1_0.code,
        p1_0.created_at,
        p1_0.description,
        p1_0.difficulty,
        p1_0.display_order,
        p1_0.hint,
        p1_0.methodology,
        p1_0.questions,
        p1_0.title,
        p1_0.updated_at 
    from
        problems p1_0 
    where
        p1_0.code=?
Hibernate: 
    select
        p1_0.id,
        p1_0.chapter_id,
        p1_0.code,
        p1_0.created_at,
        p1_0.description,
        p1_0.difficulty,
        p1_0.display_order,
        p1_0.hint,
        p1_0.methodology,
        p1_0.questions,
        p1_0.title,
        p1_0.updated_at 
    from
        problems p1_0 
    where
        p1_0.code=?
Hibernate: 
    select
        p1_0.id,
        p1_0.chapter_id,
        p1_0.code,
        p1_0.created_at,
        p1_0.description,
        p1_0.difficulty,
        p1_0.display_order,
        p1_0.hint,
        p1_0.methodology,
        p1_0.questions,
        p1_0.title,
        p1_0.updated_at 
    from
        problems p1_0 
    where
        p1_0.code=?
Hibernate: 
    select
        p1_0.id,
        p1_0.chapter_id,
        p1_0.code,
        p1_0.created_at,
        p1_0.description,
        p1_0.difficulty,
        p1_0.display_order,
        p1_0.hint,
        p1_0.methodology,
        p1_0.questions,
        p1_0.title,
        p1_0.updated_at 
    from
        problems p1_0 
    where
        p1_0.code=?
Hibernate: 
    select
        p1_0.id,
        p1_0.chapter_id,
        p1_0.code,
        p1_0.created_at,
        p1_0.description,
        p1_0.difficulty,
        p1_0.display_order,
        p1_0.hint,
        p1_0.methodology,
        p1_0.questions,
        p1_0.title,
        p1_0.updated_at 
    from
        problems p1_0 
    where
        p1_0.code=?
DI chapter problems seeded (7).
Hibernate: 
    select
        c1_0.id,
        c1_0.code,
        c1_0.display_order,
        c1_0.title_en,
        c1_0.title_ka 
    from
        chapters c1_0 
    where
        c1_0.code=?
Hibernate: 
    select
        p1_0.id,
        p1_0.chapter_id,
        p1_0.code,
        p1_0.created_at,
        p1_0.description,
        p1_0.difficulty,
        p1_0.display_order,
        p1_0.hint,
        p1_0.methodology,
        p1_0.questions,
        p1_0.title,
        p1_0.updated_at 
    from
        problems p1_0 
    where
        p1_0.code=?
Hibernate: 
    select
        p1_0.id,
        p1_0.chapter_id,
        p1_0.code,
        p1_0.created_at,
        p1_0.description,
        p1_0.difficulty,
        p1_0.display_order,
        p1_0.hint,
        p1_0.methodology,
        p1_0.questions,
        p1_0.title,
        p1_0.updated_at 
    from
        problems p1_0 
    where
        p1_0.code=?
Hibernate: 
    select
        p1_0.id,
        p1_0.chapter_id,
        p1_0.code,
        p1_0.created_at,
        p1_0.description,
        p1_0.difficulty,
        p1_0.display_order,
        p1_0.hint,
        p1_0.methodology,
        p1_0.questions,
        p1_0.title,
        p1_0.updated_at 
    from
        problems p1_0 
    where
        p1_0.code=?
Hibernate: 
    select
        p1_0.id,
        p1_0.chapter_id,
        p1_0.code,
        p1_0.created_at,
        p1_0.description,
        p1_0.difficulty,
        p1_0.display_order,
        p1_0.hint,
        p1_0.methodology,
        p1_0.questions,
        p1_0.title,
        p1_0.updated_at 
    from
        problems p1_0 
    where
        p1_0.code=?
Hibernate: 
    select
        p1_0.id,
        p1_0.chapter_id,
        p1_0.code,
        p1_0.created_at,
        p1_0.description,
        p1_0.difficulty,
        p1_0.display_order,
        p1_0.hint,
        p1_0.methodology,
        p1_0.questions,
        p1_0.title,
        p1_0.updated_at 
    from
        problems p1_0 
    where
        p1_0.code=?
Hibernate: 
    select
        p1_0.id,
        p1_0.chapter_id,
        p1_0.code,
        p1_0.created_at,
        p1_0.description,
        p1_0.difficulty,
        p1_0.display_order,
        p1_0.hint,
        p1_0.methodology,
        p1_0.questions,
        p1_0.title,
        p1_0.updated_at 
    from
        problems p1_0 
    where
        p1_0.code=?
Hibernate: 
    select
        p1_0.id,
        p1_0.chapter_id,
        p1_0.code,
        p1_0.created_at,
        p1_0.description,
        p1_0.difficulty,
        p1_0.display_order,
        p1_0.hint,
        p1_0.methodology,
        p1_0.questions,
        p1_0.title,
        p1_0.updated_at 
    from
        problems p1_0 
    where
        p1_0.code=?
Hibernate: 
    select
        p1_0.id,
        p1_0.chapter_id,
        p1_0.code,
        p1_0.created_at,
        p1_0.description,
        p1_0.difficulty,
        p1_0.display_order,
        p1_0.hint,
        p1_0.methodology,
        p1_0.questions,
        p1_0.title,
        p1_0.updated_at 
    from
        problems p1_0 
    where
        p1_0.code=?
TR chapter problems seeded (8).
Hibernate: 
    select
        c1_0.id,
        c1_0.code,
        c1_0.display_order,
        c1_0.title_en,
        c1_0.title_ka 
    from
        chapters c1_0 
    where
        c1_0.code=?
Hibernate: 
    select
        p1_0.id,
        p1_0.chapter_id,
        p1_0.code,
        p1_0.created_at,
        p1_0.description,
        p1_0.difficulty,
        p1_0.display_order,
        p1_0.hint,
        p1_0.methodology,
        p1_0.questions,
        p1_0.title,
        p1_0.updated_at 
    from
        problems p1_0 
    where
        p1_0.code=?
Hibernate: 
    select
        p1_0.id,
        p1_0.chapter_id,
        p1_0.code,
        p1_0.created_at,
        p1_0.description,
        p1_0.difficulty,
        p1_0.display_order,
        p1_0.hint,
        p1_0.methodology,
        p1_0.questions,
        p1_0.title,
        p1_0.updated_at 
    from
        problems p1_0 
    where
        p1_0.code=?
Hibernate: 
    select
        p1_0.id,
        p1_0.chapter_id,
        p1_0.code,
        p1_0.created_at,
        p1_0.description,
        p1_0.difficulty,
        p1_0.display_order,
        p1_0.hint,
        p1_0.methodology,
        p1_0.questions,
        p1_0.title,
        p1_0.updated_at 
    from
        problems p1_0 
    where
        p1_0.code=?
Hibernate: 
    select
        p1_0.id,
        p1_0.chapter_id,
        p1_0.code,
        p1_0.created_at,
        p1_0.description,
        p1_0.difficulty,
        p1_0.display_order,
        p1_0.hint,
        p1_0.methodology,
        p1_0.questions,
        p1_0.title,
        p1_0.updated_at 
    from
        problems p1_0 
    where
        p1_0.code=?
Hibernate: 
    select
        p1_0.id,
        p1_0.chapter_id,
        p1_0.code,
        p1_0.created_at,
        p1_0.description,
        p1_0.difficulty,
        p1_0.display_order,
        p1_0.hint,
        p1_0.methodology,
        p1_0.questions,
        p1_0.title,
        p1_0.updated_at 
    from
        problems p1_0 
    where
        p1_0.code=?
TCP chapter problems seeded (5).
Hibernate: 
    select
        c1_0.id,
        c1_0.code,
        c1_0.display_order,
        c1_0.title_en,
        c1_0.title_ka 
    from
        chapters c1_0 
    where
        c1_0.code=?
Hibernate: 
    select
        p1_0.id,
        p1_0.chapter_id,
        p1_0.code,
        p1_0.created_at,
        p1_0.description,
        p1_0.difficulty,
        p1_0.display_order,
        p1_0.hint,
        p1_0.methodology,
        p1_0.questions,
        p1_0.title,
        p1_0.updated_at 
    from
        problems p1_0 
    where
        p1_0.code=?
Hibernate: 
    select
        p1_0.id,
        p1_0.chapter_id,
        p1_0.code,
        p1_0.created_at,
        p1_0.description,
        p1_0.difficulty,
        p1_0.display_order,
        p1_0.hint,
        p1_0.methodology,
        p1_0.questions,
        p1_0.title,
        p1_0.updated_at 
    from
        problems p1_0 
    where
        p1_0.code=?
Hibernate: 
    select
        p1_0.id,
        p1_0.chapter_id,
        p1_0.code,
        p1_0.created_at,
        p1_0.description,
        p1_0.difficulty,
        p1_0.display_order,
        p1_0.hint,
        p1_0.methodology,
        p1_0.questions,
        p1_0.title,
        p1_0.updated_at 
    from
        problems p1_0 
    where
        p1_0.code=?
DTR chapter problems seeded (3).
Hibernate: 
    select
        c1_0.id,
        c1_0.code,
        c1_0.display_order,
        c1_0.title_en,
        c1_0.title_ka 
    from
        chapters c1_0 
    where
        c1_0.code=?
Hibernate: 
    select
        p1_0.id,
        p1_0.chapter_id,
        p1_0.code,
        p1_0.created_at,
        p1_0.description,
        p1_0.difficulty,
        p1_0.display_order,
        p1_0.hint,
        p1_0.methodology,
        p1_0.questions,
        p1_0.title,
        p1_0.updated_at 
    from
        problems p1_0 
    where
        p1_0.code=?
Hibernate: 
    select
        p1_0.id,
        p1_0.chapter_id,
        p1_0.code,
        p1_0.created_at,
        p1_0.description,
        p1_0.difficulty,
        p1_0.display_order,
        p1_0.hint,
        p1_0.methodology,
        p1_0.questions,
        p1_0.title,
        p1_0.updated_at 
    from
        problems p1_0 
    where
        p1_0.code=?
Hibernate: 
    select
        p1_0.id,
        p1_0.chapter_id,
        p1_0.code,
        p1_0.created_at,
        p1_0.description,
        p1_0.difficulty,
        p1_0.display_order,
        p1_0.hint,
        p1_0.methodology,
        p1_0.questions,
        p1_0.title,
        p1_0.updated_at 
    from
        problems p1_0 
    where
        p1_0.code=?
Hibernate: 
    select
        p1_0.id,
        p1_0.chapter_id,
        p1_0.code,
        p1_0.created_at,
        p1_0.description,
        p1_0.difficulty,
        p1_0.display_order,
        p1_0.hint,
        p1_0.methodology,
        p1_0.questions,
        p1_0.title,
        p1_0.updated_at 
    from
        problems p1_0 
    where
        p1_0.code=?
Hibernate: 
    select
        p1_0.id,
        p1_0.chapter_id,
        p1_0.code,
        p1_0.created_at,
        p1_0.description,
        p1_0.difficulty,
        p1_0.display_order,
        p1_0.hint,
        p1_0.methodology,
        p1_0.questions,
        p1_0.title,
        p1_0.updated_at 
    from
        problems p1_0 
    where
        p1_0.code=?
Hibernate: 
    select
        p1_0.id,
        p1_0.chapter_id,
        p1_0.code,
        p1_0.created_at,
        p1_0.description,
        p1_0.difficulty,
        p1_0.display_order,
        p1_0.hint,
        p1_0.methodology,
        p1_0.questions,
        p1_0.title,
        p1_0.updated_at 
    from
        problems p1_0 
    where
        p1_0.code=?
Hibernate: 
    select
        p1_0.id,
        p1_0.chapter_id,
        p1_0.code,
        p1_0.created_at,
        p1_0.description,
        p1_0.difficulty,
        p1_0.display_order,
        p1_0.hint,
        p1_0.methodology,
        p1_0.questions,
        p1_0.title,
        p1_0.updated_at 
    from
        problems p1_0 
    where
        p1_0.code=?
Hibernate: 
    select
        p1_0.id,
        p1_0.chapter_id,
        p1_0.code,
        p1_0.created_at,
        p1_0.description,
        p1_0.difficulty,
        p1_0.display_order,
        p1_0.hint,
        p1_0.methodology,
        p1_0.questions,
        p1_0.title,
        p1_0.updated_at 
    from
        problems p1_0 
    where
        p1_0.code=?
Hibernate: 
    select
        p1_0.id,
        p1_0.chapter_id,
        p1_0.code,
        p1_0.created_at,
        p1_0.description,
        p1_0.difficulty,
        p1_0.display_order,
        p1_0.hint,
        p1_0.methodology,
        p1_0.questions,
        p1_0.title,
        p1_0.updated_at 
    from
        problems p1_0 
    where
        p1_0.code=?
Hibernate: 
    select
        p1_0.id,
        p1_0.chapter_id,
        p1_0.code,
        p1_0.created_at,
        p1_0.description,
        p1_0.difficulty,
        p1_0.display_order,
        p1_0.hint,
        p1_0.methodology,
        p1_0.questions,
        p1_0.title,
        p1_0.updated_at 
    from
        problems p1_0 
    where
        p1_0.code=?
PR chapter problems seeded (10).
p=0.78 idle ic=0.0973 lamp=9.7255
p=0.78 gen_fwd ic=0.0272 lamp=2.7207
p=0.78 gen_rev ic=0.1179 lamp=11.79
revNodes p=0.78 idle ic=0.0973
revNodes p=0.78 gen_fwd ic=0.1179
revNodes p=0.78 gen_rev ic=0.0272
]]></system-out>
    <system-err><![CDATA[WARNING: A Java agent has been loaded dynamically (/home/sandro/.m2/repository/net/bytebuddy/byte-buddy-agent/1.14.10/byte-buddy-agent-1.14.10.jar)
WARNING: If a serviceability tool is in use, please run with -XX:+EnableDynamicAgentLoading to hide this warning
WARNING: If a serviceability tool is not in use, please run with -Djdk.instrument.traceUsage for more information
WARNING: Dynamic loading of agents will be disallowed by default in a future release
]]></system-err>
  </testcase>
  <testcase name="probe" classname="com.example.circuit_simulator.DtrL310ProbeTest" time="0.378">
    <system-out><![CDATA[idle pot=0.55 lampComp=11.8086 ic=0.1181 state=SATURATION
idle pot=0.60 lampComp=11.8000 ic=0.118 state=ACTIVE
idle pot=0.65 lampComp=11.7872 ic=0.1179 state=ACTIVE
idle pot=0.70 lampComp=11.7611 ic=0.1176 state=ACTIVE
idle pot=0.75 lampComp=10.9313 ic=0.1093 state=ACTIVE
idle pot=0.80 lampComp=8.8546 ic=0.0885 state=ACTIVE
idle pot=0.85 lampComp=6.3689 ic=0.0637 state=ACTIVE
idle pot=0.90 lampComp=3.2570 ic=0.0326 state=ACTIVE
---
gen_fwd pot=0.55 lampComp=11.7741 ic=0.1177 state=ACTIVE
gen_fwd pot=0.60 lampComp=11.5899 ic=0.1159 state=ACTIVE
gen_fwd pot=0.65 lampComp=9.6226 ic=0.0962 state=ACTIVE
gen_fwd pot=0.70 lampComp=7.3546 ic=0.0735 state=ACTIVE
gen_fwd pot=0.75 lampComp=4.6441 ic=0.0464 state=ACTIVE
gen_fwd pot=0.80 lampComp=1.3065 ic=0.0131 state=ACTIVE
gen_fwd pot=0.85 lampComp=0.0000 ic=0.0 state=CUTOFF
gen_fwd pot=0.90 lampComp=0.0000 ic=0.0 state=CUTOFF
---
gen_rev pot=0.55 lampComp=11.8228 ic=0.1182 state=SATURATION
gen_rev pot=0.60 lampComp=11.8183 ic=0.1182 state=SATURATION
gen_rev pot=0.65 lampComp=11.8130 ic=0.1181 state=SATURATION
gen_rev pot=0.70 lampComp=11.8064 ic=0.1181 state=SATURATION
gen_rev pot=0.75 lampComp=11.7974 ic=0.118 state=ACTIVE
gen_rev pot=0.80 lampComp=11.7834 ic=0.1178 state=ACTIVE
gen_rev pot=0.85 lampComp=11.7493 ic=0.1175 state=ACTIVE
gen_rev pot=0.90 lampComp=10.4763 ic=0.1048 state=ACTIVE
---
]]></system-out>
  </testcase>
</testsuite>