<?xml version="1.0" encoding="UTF-8"?>
<testsuite xmlns:xsi="http://www.w3.org/2001/XMLSchema-instance" xsi:noNamespaceSchemaLocation="https://maven.apache.org/surefire/maven-surefire-plugin/xsd/surefire-test-report-3.0.xsd" version="3.0" name="com.example.circuit_simulator.SlideSwitchValidationTest" time="7.273" tests="18" errors="0" skipped="0" failures="0">
  <properties>
[...]
</properties>
  <testcase name="swL12SwappedResistorsAlsoPass" classname="com.example.circuit_simulator.SlideSwitchValidationTest" time="0.556">
    <system-out><![CDATA[01:33:24.720 [main] INFO org.springframework.test.context.support.AnnotationConfigContextLoaderUtils -- Could not detect default configuration classes for test class [com.example.circuit_simulator.SlideSwitchValidationTest]: SlideSwitchValidationTest does not declare any static, non-private, non-final, nested classes annotated with @Configuration.
01:33:24.827 [main] INFO org.springframework.boot.test.context.SpringBootTestContextBootstrapper -- Found @SpringBootConfiguration com.example.circuit_simulator.CircuitSimulatorApplication for test class com.example.circuit_simulator.SlideSwitchValidationTest

  .   ____          _            __ _ _
 /\\ / ___'_ __ _ _(_)_ __  __ _ \ \ \ \
( ( )\___ | '_ | '_| | '_ \/ _` | \ \ \ \
 \\/  ___)| |_)| | | | | || (_| |  ) ) ) )
  '  |____| .__|_| |_|_| |_\__, | / / / /
 =========|_|==============|___/=/_/_/_/
 :: Spring Boot ::                (v3.2.0)

2026-07-18T01:33:25.232+04:00  INFO 220209 --- [circuit-simulator] [           main] c.e.c.SlideSwitchValidationTest          : Starting SlideSwitchValidationTest using Java 21.0.11 with PID 220209 (started by sandro in /home/sandro/final-project/interactive-circuit-platform/backend)
2026-07-18T01:33:25.234+04:00  INFO 220209 --- [circuit-simulator] [           main] c.e.c.SlideSwitchValidationTest          : No active profile set, falling back to 1 default profile: "default"
2026-07-18T01:33:26.285+04:00  INFO 220209 --- [circuit-simulator] [           main] .s.d.r.c.RepositoryConfigurationDelegate : Bootstrapping Spring Data JPA repositories in DEFAULT mode.
2026-07-18T01:33:26.382+04:00  INFO 220209 --- [circuit-simulator] [           main] .s.d.r.c.RepositoryConfigurationDelegate : Finished Spring Data repository scanning in 88 ms. Found 6 JPA repository interfaces.
2026-07-18T01:33:26.910+04:00  INFO 220209 --- [circuit-simulator] [           main] o.hibernate.jpa.internal.util.LogHelper  : HHH000204: Processing PersistenceUnitInfo [name: default]
2026-07-18T01:33:26.971+04:00  INFO 220209 --- [circuit-simulator] [           main] org.hibernate.Version                    : HHH000412: Hibernate ORM core version 6.3.1.Final
2026-07-18T01:33:26.998+04:00  INFO 220209 --- [circuit-simulator] [           main] o.h.c.internal.RegionFactoryInitiator    : HHH000026: Second-level cache disabled
2026-07-18T01:33:27.086+04:00  INFO 220209 --- [circuit-simulator] [           main] com.zaxxer.hikari.HikariDataSource       : HikariPool-1 - Starting...
2026-07-18T01:33:27.289+04:00  INFO 220209 --- [circuit-simulator] [           main] com.zaxxer.hikari.pool.HikariPool        : HikariPool-1 - Added connection org.postgresql.jdbc.PgConnection@226d5af0
2026-07-18T01:33:27.291+04:00  INFO 220209 --- [circuit-simulator] [           main] com.zaxxer.hikari.HikariDataSource       : HikariPool-1 - Start completed.
2026-07-18T01:33:27.533+04:00  INFO 220209 --- [circuit-simulator] [           main] o.s.o.j.p.SpringPersistenceUnitInfo      : No LoadTimeWeaver setup: ignoring JPA class transformer
2026-07-18T01:33:28.418+04:00  INFO 220209 --- [circuit-simulator] [           main] o.h.e.t.j.p.i.JtaPlatformInitiator       : HHH000489: No JTA platform available (set 'hibernate.transaction.jta.platform' to enable JTA platform integration)
2026-07-18T01:33:28.553+04:00  INFO 220209 --- [circuit-simulator] [           main] j.LocalContainerEntityManagerFactoryBean : Initialized JPA EntityManagerFactory for persistence unit 'default'
2026-07-18T01:33:28.933+04:00  INFO 220209 --- [circuit-simulator] [           main] o.s.d.j.r.query.QueryEnhancerFactory     : Hibernate is in classpath; If applicable, HQL parser will be used.
2026-07-18T01:33:29.690+04:00  WARN 220209 --- [circuit-simulator] [           main] JpaBaseConfiguration$JpaWebConfiguration : spring.jpa.open-in-view is enabled by default. Therefore, database queries may be performed during view rendering. Explicitly configure spring.jpa.open-in-view to disable this warning
2026-07-18T01:33:29.713+04:00  WARN 220209 --- [circuit-simulator] [           main] .s.s.UserDetailsServiceAutoConfiguration : 

Using generated security password: 8150e227-aaf0-4e6a-a1af-abf8f7b7132f

This generated password is for development use only. Your security configuration must be updated before running your application in production.

2026-07-18T01:33:29.978+04:00  INFO 220209 --- [circuit-simulator] [           main] o.s.s.web.DefaultSecurityFilterChain     : Will secure any request with [org.springframework.security.web.session.DisableEncodeUrlFilter@743167c7, org.springframework.security.web.context.request.async.WebAsyncManagerIntegrationFilter@6d5a4e59, org.springframework.security.web.context.SecurityContextHolderFilter@415cb259, org.springframework.security.web.header.HeaderWriterFilter@41c7ef69, org.springframework.web.filter.CorsFilter@5710f755, org.springframework.security.web.authentication.logout.LogoutFilter@68893394, org.springframework.security.web.savedrequest.RequestCacheAwareFilter@69497a36, org.springframework.security.web.servletapi.SecurityContextHolderAwareRequestFilter@497f8a4b, org.springframework.security.web.authentication.AnonymousAuthenticationFilter@1b78c34b, org.springframework.security.web.access.ExceptionTranslationFilter@10ef09e3, org.springframework.security.web.access.intercept.AuthorizationFilter@5c18ad5d]
2026-07-18T01:33:30.314+04:00  INFO 220209 --- [circuit-simulator] [           main] c.e.c.SlideSwitchValidationTest          : Started SlideSwitchValidationTest in 5.361 seconds (process running for 6.356)
Hibernate: 
    select
        count(*) 
    from
        chapters c1_0
Hibernate: 
    select
        c1_0.id,
        c1_0.code,
        c1_0.display_order,
        c1_0.title_en,
        c1_0.title_ka 
    from
        chapters c1_0 
    where
        c1_0.code=?
Hibernate: 
    select
        p1_0.id,
        p1_0.chapter_id,
        p1_0.code,
        p1_0.created_at,
        p1_0.description,
        p1_0.difficulty,
        p1_0.display_order,
        p1_0.hint,
        p1_0.methodology,
        p1_0.questions,
        p1_0.title,
        p1_0.updated_at 
    from
        problems p1_0 
    where
        p1_0.code=?
Hibernate: 
    select
        p1_0.id,
        p1_0.chapter_id,
        p1_0.code,
        p1_0.created_at,
        p1_0.description,
        p1_0.difficulty,
        p1_0.display_order,
        p1_0.hint,
        p1_0.methodology,
        p1_0.questions,
        p1_0.title,
        p1_0.updated_at 
    from
        problems p1_0 
    where
        p1_0.code=?
Hibernate: 
    select
        p1_0.id,
        p1_0.chapter_id,
        p1_0.code,
        p1_0.created_at,
        p1_0.description,
        p1_0.difficulty,
        p1_0.display_order,
        p1_0.hint,
        p1_0.methodology,
        p1_0.questions,
        p1_0.title,
        p1_0.updated_at 
    from
        problems p1_0 
    where
        p1_0.code=?
Hibernate: 
    select
        p1_0.id,
        p1_0.chapter_id,
        p1_0.code,
        p1_0.created_at,
        p1_0.description,
        p1_0.difficulty,
        p1_0.display_order,
        p1_0.hint,
        p1_0.methodology,
        p1_0.questions,
        p1_0.title,
        p1_0.updated_at 
    from
        problems p1_0 
    where
        p1_0.code=?
Hibernate: 
    select
        p1_0.id,
        p1_0.chapter_id,
        p1_0.code,
        p1_0.created_at,
        p1_0.description,
        p1_0.difficulty,
        p1_0.display_order,
        p1_0.hint,
        p1_0.methodology,
        p1_0.questions,
        p1_0.title,
        p1_0.updated_at 
    from
        problems p1_0 
    where
        p1_0.code=?
Hibernate: 
    select
        p1_0.id,
        p1_0.chapter_id,
        p1_0.code,
        p1_0.created_at,
        p1_0.description,
        p1_0.difficulty,
        p1_0.display_order,
        p1_0.hint,
        p1_0.methodology,
        p1_0.questions,
        p1_0.title,
        p1_0.updated_at 
    from
        problems p1_0 
    where
        p1_0.code=?
Hibernate: 
    select
        p1_0.id,
        p1_0.chapter_id,
        p1_0.code,
        p1_0.created_at,
        p1_0.description,
        p1_0.difficulty,
        p1_0.display_order,
        p1_0.hint,
        p1_0.methodology,
        p1_0.questions,
        p1_0.title,
        p1_0.updated_at 
    from
        problems p1_0 
    where
        p1_0.code=?
Hibernate: 
    select
        p1_0.id,
        p1_0.chapter_id,
        p1_0.code,
        p1_0.created_at,
        p1_0.description,
        p1_0.difficulty,
        p1_0.display_order,
        p1_0.hint,
        p1_0.methodology,
        p1_0.questions,
        p1_0.title,
        p1_0.updated_at 
    from
        problems p1_0 
    where
        p1_0.code=?
Hibernate: 
    select
        p1_0.id,
        p1_0.chapter_id,
        p1_0.code,
        p1_0.created_at,
        p1_0.description,
        p1_0.difficulty,
        p1_0.display_order,
        p1_0.hint,
        p1_0.methodology,
        p1_0.questions,
        p1_0.title,
        p1_0.updated_at 
    from
        problems p1_0 
    where
        p1_0.code=?
Hibernate: 
    select
        p1_0.id,
        p1_0.chapter_id,
        p1_0.code,
        p1_0.created_at,
        p1_0.description,
        p1_0.difficulty,
        p1_0.display_order,
        p1_0.hint,
        p1_0.methodology,
        p1_0.questions,
        p1_0.title,
        p1_0.updated_at 
    from
        problems p1_0 
    where
        p1_0.code=?
Hibernate: 
    select
        p1_0.id,
        p1_0.chapter_id,
        p1_0.code,
        p1_0.created_at,
        p1_0.description,
        p1_0.difficulty,
        p1_0.display_order,
        p1_0.hint,
        p1_0.methodology,
        p1_0.questions,
        p1_0.title,
        p1_0.updated_at 
    from
        problems p1_0 
    where
        p1_0.code=?
Hibernate: 
    select
        p1_0.id,
        p1_0.chapter_id,
        p1_0.code,
        p1_0.created_at,
        p1_0.description,
        p1_0.difficulty,
        p1_0.display_order,
        p1_0.hint,
        p1_0.methodology,
        p1_0.questions,
        p1_0.title,
        p1_0.updated_at 
    from
        problems p1_0 
    where
        p1_0.code=?
Hibernate: 
    select
        p1_0.id,
        p1_0.chapter_id,
        p1_0.code,
        p1_0.created_at,
        p1_0.description,
        p1_0.difficulty,
        p1_0.display_order,
        p1_0.hint,
        p1_0.methodology,
        p1_0.questions,
        p1_0.title,
        p1_0.updated_at 
    from
        problems p1_0 
    where
        p1_0.code=?
Hibernate: 
    select
        p1_0.id,
        p1_0.chapter_id,
        p1_0.code,
        p1_0.created_at,
        p1_0.description,
        p1_0.difficulty,
        p1_0.display_order,
        p1_0.hint,
        p1_0.methodology,
        p1_0.questions,
        p1_0.title,
        p1_0.updated_at 
    from
        problems p1_0 
    where
        p1_0.code=?
ST chapter problems seeded (14).
Hibernate: 
    select
        c1_0.id,
        c1_0.code,
        c1_0.display_order,
        c1_0.title_en,
        c1_0.title_ka 
    from
        chapters c1_0 
    where
        c1_0.code=?
Hibernate: 
    select
        p1_0.id,
        p1_0.chapter_id,
        p1_0.code,
        p1_0.created_at,
        p1_0.description,
        p1_0.difficulty,
        p1_0.display_order,
        p1_0.hint,
        p1_0.methodology,
        p1_0.questions,
        p1_0.title,
        p1_0.updated_at 
    from
        problems p1_0 
    where
        p1_0.code=?
Hibernate: 
    select
        p1_0.id,
        p1_0.chapter_id,
        p1_0.code,
        p1_0.created_at,
        p1_0.description,
        p1_0.difficulty,
        p1_0.display_order,
        p1_0.hint,
        p1_0.methodology,
        p1_0.questions,
        p1_0.title,
        p1_0.updated_at 
    from
        problems p1_0 
    where
        p1_0.code=?
Hibernate: 
    select
        p1_0.id,
        p1_0.chapter_id,
        p1_0.code,
        p1_0.created_at,
        p1_0.description,
        p1_0.difficulty,
        p1_0.display_order,
        p1_0.hint,
        p1_0.methodology,
        p1_0.questions,
        p1_0.title,
        p1_0.updated_at 
    from
        problems p1_0 
    where
        p1_0.code=?
Hibernate: 
    select
        p1_0.id,
        p1_0.chapter_id,
        p1_0.code,
        p1_0.created_at,
        p1_0.description,
        p1_0.difficulty,
        p1_0.display_order,
        p1_0.hint,
        p1_0.methodology,
        p1_0.questions,
        p1_0.title,
        p1_0.updated_at 
    from
        problems p1_0 
    where
        p1_0.code=?
Hibernate: 
    select
        p1_0.id,
        p1_0.chapter_id,
        p1_0.code,
        p1_0.created_at,
        p1_0.description,
        p1_0.difficulty,
        p1_0.display_order,
        p1_0.hint,
        p1_0.methodology,
        p1_0.questions,
        p1_0.title,
        p1_0.updated_at 
    from
        problems p1_0 
    where
        p1_0.code=?
LR chapter problems seeded (5).
Hibernate: 
    select
        c1_0.id,
        c1_0.code,
        c1_0.display_order,
        c1_0.title_en,
        c1_0.title_ka 
    from
        chapters c1_0 
    where
        c1_0.code=?
Hibernate: 
    select
        p1_0.id,
        p1_0.chapter_id,
        p1_0.code,
        p1_0.created_at,
        p1_0.description,
        p1_0.difficulty,
        p1_0.display_order,
        p1_0.hint,
        p1_0.methodology,
        p1_0.questions,
        p1_0.title,
        p1_0.updated_at 
    from
        problems p1_0 
    where
        p1_0.code=?
Hibernate: 
    select
        p1_0.id,
        p1_0.chapter_id,
        p1_0.code,
        p1_0.created_at,
        p1_0.description,
        p1_0.difficulty,
        p1_0.display_order,
        p1_0.hint,
        p1_0.methodology,
        p1_0.questions,
        p1_0.title,
        p1_0.updated_at 
    from
        problems p1_0 
    where
        p1_0.code=?
Hibernate: 
    select
        p1_0.id,
        p1_0.chapter_id,
        p1_0.code,
        p1_0.created_at,
        p1_0.description,
        p1_0.difficulty,
        p1_0.display_order,
        p1_0.hint,
        p1_0.methodology,
        p1_0.questions,
        p1_0.title,
        p1_0.updated_at 
    from
        problems p1_0 
    where
        p1_0.code=?
Hibernate: 
    select
        p1_0.id,
        p1_0.chapter_id,
        p1_0.code,
        p1_0.created_at,
        p1_0.description,
        p1_0.difficulty,
        p1_0.display_order,
        p1_0.hint,
        p1_0.methodology,
        p1_0.questions,
        p1_0.title,
        p1_0.updated_at 
    from
        problems p1_0 
    where
        p1_0.code=?
Hibernate: 
    select
        p1_0.id,
        p1_0.chapter_id,
        p1_0.code,
        p1_0.created_at,
        p1_0.description,
        p1_0.difficulty,
        p1_0.display_order,
        p1_0.hint,
        p1_0.methodology,
        p1_0.questions,
        p1_0.title,
        p1_0.updated_at 
    from
        problems p1_0 
    where
        p1_0.code=?
Hibernate: 
    select
        p1_0.id,
        p1_0.chapter_id,
        p1_0.code,
        p1_0.created_at,
        p1_0.description,
        p1_0.difficulty,
        p1_0.display_order,
        p1_0.hint,
        p1_0.methodology,
        p1_0.questions,
        p1_0.title,
        p1_0.updated_at 
    from
        problems p1_0 
    where
        p1_0.code=?
Hibernate: 
    insert 
    into
        problems
        (chapter_id, code, created_at, description, difficulty, display_order, hint, methodology, questions, title, updated_at) 
    values
        (?, ?, ?, ?, ?, ?, ?, ?, ?, ?, ?)
SW chapter problems seeded (6).
Hibernate: 
    select
        c1_0.id,
        c1_0.code,
        c1_0.display_order,
        c1_0.title_en,
        c1_0.title_ka 
    from
        chapters c1_0 
    where
        c1_0.code=?
Hibernate: 
    select
        p1_0.id,
        p1_0.chapter_id,
        p1_0.code,
        p1_0.created_at,
        p1_0.description,
        p1_0.difficulty,
        p1_0.display_order,
        p1_0.hint,
        p1_0.methodology,
        p1_0.questions,
        p1_0.title,
        p1_0.updated_at 
    from
        problems p1_0 
    where
        p1_0.code=?
Hibernate: 
    select
        p1_0.id,
        p1_0.chapter_id,
        p1_0.code,
        p1_0.created_at,
        p1_0.description,
        p1_0.difficulty,
        p1_0.display_order,
        p1_0.hint,
        p1_0.methodology,
        p1_0.questions,
        p1_0.title,
        p1_0.updated_at 
    from
        problems p1_0 
    where
        p1_0.code=?
Hibernate: 
    select
        p1_0.id,
        p1_0.chapter_id,
        p1_0.code,
        p1_0.created_at,
        p1_0.description,
        p1_0.difficulty,
        p1_0.display_order,
        p1_0.hint,
        p1_0.methodology,
        p1_0.questions,
        p1_0.title,
        p1_0.updated_at 
    from
        problems p1_0 
    where
        p1_0.code=?
Hibernate: 
    select
        p1_0.id,
        p1_0.chapter_id,
        p1_0.code,
        p1_0.created_at,
        p1_0.description,
        p1_0.difficulty,
        p1_0.display_order,
        p1_0.hint,
        p1_0.methodology,
        p1_0.questions,
        p1_0.title,
        p1_0.updated_at 
    from
        problems p1_0 
    where
        p1_0.code=?
Hibernate: 
    select
        p1_0.id,
        p1_0.chapter_id,
        p1_0.code,
        p1_0.created_at,
        p1_0.description,
        p1_0.difficulty,
        p1_0.display_order,
        p1_0.hint,
        p1_0.methodology,
        p1_0.questions,
        p1_0.title,
        p1_0.updated_at 
    from
        problems p1_0 
    where
        p1_0.code=?
Hibernate: 
    select
        p1_0.id,
        p1_0.chapter_id,
        p1_0.code,
        p1_0.created_at,
        p1_0.description,
        p1_0.difficulty,
        p1_0.display_order,
        p1_0.hint,
        p1_0.methodology,
        p1_0.questions,
        p1_0.title,
        p1_0.updated_at 
    from
        problems p1_0 
    where
        p1_0.code=?
Hibernate: 
    select
        p1_0.id,
        p1_0.chapter_id,
        p1_0.code,
        p1_0.created_at,
        p1_0.description,
        p1_0.difficulty,
        p1_0.display_order,
        p1_0.hint,
        p1_0.methodology,
        p1_0.questions,
        p1_0.title,
        p1_0.updated_at 
    from
        problems p1_0 
    where
        p1_0.code=?
Hibernate: 
    select
        p1_0.id,
        p1_0.chapter_id,
        p1_0.code,
        p1_0.created_at,
        p1_0.description,
        p1_0.difficulty,
        p1_0.display_order,
        p1_0.hint,
        p1_0.methodology,
        p1_0.questions,
        p1_0.title,
        p1_0.updated_at 
    from
        problems p1_0 
    where
        p1_0.code=?
Hibernate: 
    select
        p1_0.id,
        p1_0.chapter_id,
        p1_0.code,
        p1_0.created_at,
        p1_0.description,
        p1_0.difficulty,
        p1_0.display_order,
        p1_0.hint,
        p1_0.methodology,
        p1_0.questions,
        p1_0.title,
        p1_0.updated_at 
    from
        problems p1_0 
    where
        p1_0.code=?
Hibernate: 
    select
        p1_0.id,
        p1_0.chapter_id,
        p1_0.code,
        p1_0.created_at,
        p1_0.description,
        p1_0.difficulty,
        p1_0.display_order,
        p1_0.hint,
        p1_0.methodology,
        p1_0.questions,
        p1_0.title,
        p1_0.updated_at 
    from
        problems p1_0 
    where
        p1_0.code=?
Hibernate: 
    select
        p1_0.id,
        p1_0.chapter_id,
        p1_0.code,
        p1_0.created_at,
        p1_0.description,
        p1_0.difficulty,
        p1_0.display_order,
        p1_0.hint,
        p1_0.methodology,
        p1_0.questions,
        p1_0.title,
        p1_0.updated_at 
    from
        problems p1_0 
    where
        p1_0.code=?
Hibernate: 
    select
        p1_0.id,
        p1_0.chapter_id,
        p1_0.code,
        p1_0.created_at,
        p1_0.description,
        p1_0.difficulty,
        p1_0.display_order,
        p1_0.hint,
        p1_0.methodology,
        p1_0.questions,
        p1_0.title,
        p1_0.updated_at 
    from
        problems p1_0 
    where
        p1_0.code=?
Hibernate: 
    select
        p1_0.id,
        p1_0.chapter_id,
        p1_0.code,
        p1_0.created_at,
        p1_0.description,
        p1_0.difficulty,
        p1_0.display_order,
        p1_0.hint,
        p1_0.methodology,
        p1_0.questions,
        p1_0.title,
        p1_0.updated_at 
    from
        problems p1_0 
    where
        p1_0.code=?
Hibernate: 
    select
        p1_0.id,
        p1_0.chapter_id,
        p1_0.code,
        p1_0.created_at,
        p1_0.description,
        p1_0.difficulty,
        p1_0.display_order,
        p1_0.hint,
        p1_0.methodology,
        p1_0.questions,
        p1_0.title,
        p1_0.updated_at 
    from
        problems p1_0 
    where
        p1_0.code=?
Hibernate: 
    select
        p1_0.id,
        p1_0.chapter_id,
        p1_0.code,
        p1_0.created_at,
        p1_0.description,
        p1_0.difficulty,
        p1_0.display_order,
        p1_0.hint,
        p1_0.methodology,
        p1_0.questions,
        p1_0.title,
        p1_0.updated_at 
    from
        problems p1_0 
    where
        p1_0.code=?
CP chapter problems seeded (15).
]]></system-out>
    <system-err><![CDATA[WARNING: A Java agent has been loaded dynamically (/home/sandro/.m2/repository/net/bytebuddy/byte-buddy-agent/1.14.10/byte-buddy-agent-1.14.10.jar)
WARNING: If a serviceability tool is in use, please run with -XX:+EnableDynamicAgentLoading to hide this warning
WARNING: If a serviceability tool is not in use, please run with -Djdk.instrument.traceUsage for more information
WARNING: Dynamic loading of agents will be disallowed by default in a future release
]]></system-err>
  </testcase>
  <testcase name="swL25FailsWhenUsingMidTapOnly" classname="com.example.circuit_simulator.SlideSwitchValidationTest" time="0.031"/>
  <testcase name="swL11SingleResistorCircuitPasses" classname="com.example.circuit_simulator.SlideSwitchValidationTest" time="0.027"/>
  <testcase name="swL23ReferenceCircuitPasses" classname="com.example.circuit_simulator.SlideSwitchValidationTest" time="0.025"/>
  <testcase name="swL36ParallelTravelersAlsoPass" classname="com.example.circuit_simulator.SlideSwitchValidationTest" time="0.047"/>
  <testcase name="swL12FailsWhenResistorsEqual" classname="com.example.circuit_simulator.SlideSwitchValidationTest" time="0.024"/>
  <testcase name="swL12FailsWhenResistorsTooHigh" classname="com.example.circuit_simulator.SlideSwitchValidationTest" time="0.029"/>
  <testcase name="swL12FiveOneVsTenKPasses" classname="com.example.circuit_simulator.SlideSwitchValidationTest" time="0.028"/>
  <testcase name="swL24ReferenceCircuitPasses" classname="com.example.circuit_simulator.SlideSwitchValidationTest" time="0.025"/>
  <testcase name="swL11FailsWhenOnlyOneLedWired" classname="com.example.circuit_simulator.SlideSwitchValidationTest" time="0.026"/>
  <testcase name="swL25SwappedThrowsAlsoPass" classname="com.example.circuit_simulator.SlideSwitchValidationTest" time="0.027"/>
  <testcase name="swL11DualResistorCircuitPasses" classname="com.example.circuit_simulator.SlideSwitchValidationTest" time="0.026"/>
  <testcase name="swL23FailsWhenBothThrowsOnFullRail" classname="com.example.circuit_simulator.SlideSwitchValidationTest" time="0.023"/>
  <testcase name="swL24FailsWhenBothThrowsOnFullRail" classname="com.example.circuit_simulator.SlideSwitchValidationTest" time="0.027"/>
  <testcase name="swL36FailsWhenSecondSwitchUnused" classname="com.example.circuit_simulator.SlideSwitchValidationTest" time="0.043"/>
  <testcase name="swL25ReferenceCircuitPasses" classname="com.example.circuit_simulator.SlideSwitchValidationTest" time="0.035"/>
  <testcase name="swL36CrossedTravelersPass" classname="com.example.circuit_simulator.SlideSwitchValidationTest" time="0.049"/>
  <testcase name="swL12ReferenceCircuitPasses" classname="com.example.circuit_simulator.SlideSwitchValidationTest" time="0.023"/>
</testsuite>