<?xml version="1.0" encoding="UTF-8"?>
<testsuite xmlns:xsi="http://www.w3.org/2001/XMLSchema-instance" xsi:noNamespaceSchemaLocation="https://maven.apache.org/surefire/maven-surefire-plugin/xsd/surefire-test-report-3.0.xsd" version="3.0" name="com.example.circuit_simulator.TranSimulationTest" time="8.975" tests="7" errors="0" skipped="0" failures="0">
  <properties>
[...]
</properties>
  <testcase name="cpL11DischargeHasNonZeroForwardCurrent" classname="com.example.circuit_simulator.TranSimulationTest" time="0.655">
    <system-out><![CDATA[16:39:44.876 [main] INFO org.springframework.test.context.support.AnnotationConfigContextLoaderUtils -- Could not detect default configuration classes for test class [com.example.circuit_simulator.TranSimulationTest]: TranSimulationTest does not declare any static, non-private, non-final, nested classes annotated with @Configuration.
16:39:45.022 [main] INFO org.springframework.boot.test.context.SpringBootTestContextBootstrapper -- Found @SpringBootConfiguration com.example.circuit_simulator.CircuitSimulatorApplication for test class com.example.circuit_simulator.TranSimulationTest

  .   ____          _            __ _ _
 /\\ / ___'_ __ _ _(_)_ __  __ _ \ \ \ \
( ( )\___ | '_ | '_| | '_ \/ _` | \ \ \ \
 \\/  ___)| |_)| | | | | || (_| |  ) ) ) )
  '  |____| .__|_| |_|_| |_\__, | / / / /
 =========|_|==============|___/=/_/_/_/
 :: Spring Boot ::                (v3.2.0)

2026-06-17T16:39:45.570+04:00  INFO 91848 --- [circuit-simulator] [           main] c.e.c.TranSimulationTest                 : Starting TranSimulationTest using Java 21.0.11 with PID 91848 (started by lela in /home/lela/interactive-circuit-platform/backend)
2026-06-17T16:39:45.572+04:00  INFO 91848 --- [circuit-simulator] [           main] c.e.c.TranSimulationTest                 : No active profile set, falling back to 1 default profile: "default"
2026-06-17T16:39:46.605+04:00  INFO 91848 --- [circuit-simulator] [           main] .s.d.r.c.RepositoryConfigurationDelegate : Bootstrapping Spring Data JPA repositories in DEFAULT mode.
2026-06-17T16:39:46.707+04:00  INFO 91848 --- [circuit-simulator] [           main] .s.d.r.c.RepositoryConfigurationDelegate : Finished Spring Data repository scanning in 88 ms. Found 6 JPA repository interfaces.
2026-06-17T16:39:47.293+04:00  INFO 91848 --- [circuit-simulator] [           main] o.hibernate.jpa.internal.util.LogHelper  : HHH000204: Processing PersistenceUnitInfo [name: default]
2026-06-17T16:39:47.393+04:00  INFO 91848 --- [circuit-simulator] [           main] org.hibernate.Version                    : HHH000412: Hibernate ORM core version 6.3.1.Final
2026-06-17T16:39:47.451+04:00  INFO 91848 --- [circuit-simulator] [           main] o.h.c.internal.RegionFactoryInitiator    : HHH000026: Second-level cache disabled
2026-06-17T16:39:48.565+04:00  INFO 91848 --- [circuit-simulator] [           main] com.zaxxer.hikari.HikariDataSource       : HikariPool-1 - Starting...
2026-06-17T16:39:48.813+04:00  INFO 91848 --- [circuit-simulator] [           main] com.zaxxer.hikari.pool.HikariPool        : HikariPool-1 - Added connection org.postgresql.jdbc.PgConnection@1c3b6963
2026-06-17T16:39:48.816+04:00  INFO 91848 --- [circuit-simulator] [           main] com.zaxxer.hikari.HikariDataSource       : HikariPool-1 - Start completed.
2026-06-17T16:39:49.217+04:00  INFO 91848 --- [circuit-simulator] [           main] o.s.o.j.p.SpringPersistenceUnitInfo      : No LoadTimeWeaver setup: ignoring JPA class transformer
2026-06-17T16:39:50.264+04:00  INFO 91848 --- [circuit-simulator] [           main] o.h.e.t.j.p.i.JtaPlatformInitiator       : HHH000489: No JTA platform available (set 'hibernate.transaction.jta.platform' to enable JTA platform integration)
2026-06-17T16:39:50.401+04:00  INFO 91848 --- [circuit-simulator] [           main] j.LocalContainerEntityManagerFactoryBean : Initialized JPA EntityManagerFactory for persistence unit 'default'
2026-06-17T16:39:50.838+04:00  INFO 91848 --- [circuit-simulator] [           main] o.s.d.j.r.query.QueryEnhancerFactory     : Hibernate is in classpath; If applicable, HQL parser will be used.
2026-06-17T16:39:51.580+04:00  WARN 91848 --- [circuit-simulator] [           main] JpaBaseConfiguration$JpaWebConfiguration : spring.jpa.open-in-view is enabled by default. Therefore, database queries may be performed during view rendering. Explicitly configure spring.jpa.open-in-view to disable this warning
2026-06-17T16:39:51.604+04:00  WARN 91848 --- [circuit-simulator] [           main] .s.s.UserDetailsServiceAutoConfiguration : 

Using generated security password: 16bace5e-3ae0-4cc7-a584-0c224eae899e

This generated password is for development use only. Your security configuration must be updated before running your application in production.

2026-06-17T16:39:51.988+04:00  INFO 91848 --- [circuit-simulator] [           main] o.s.s.web.DefaultSecurityFilterChain     : Will secure any request with [org.springframework.security.web.session.DisableEncodeUrlFilter@4437af21, org.springframework.security.web.context.request.async.WebAsyncManagerIntegrationFilter@657f1fc3, org.springframework.security.web.context.SecurityContextHolderFilter@6c152246, org.springframework.security.web.header.HeaderWriterFilter@7c5eb88c, org.springframework.web.filter.CorsFilter@6a0ca728, org.springframework.security.web.authentication.logout.LogoutFilter@67e255cf, org.springframework.security.web.savedrequest.RequestCacheAwareFilter@2380e8d4, org.springframework.security.web.servletapi.SecurityContextHolderAwareRequestFilter@53b5356, org.springframework.security.web.authentication.AnonymousAuthenticationFilter@5cc088a8, org.springframework.security.web.access.ExceptionTranslationFilter@5d6d6533, org.springframework.security.web.access.intercept.AuthorizationFilter@2620f935]
2026-06-17T16:39:52.401+04:00  INFO 91848 --- [circuit-simulator] [           main] c.e.c.TranSimulationTest                 : Started TranSimulationTest in 7.181 seconds (process running for 7.455)
Hibernate: 
    select
        count(*) 
    from
        chapters c1_0
Hibernate: 
    select
        c1_0.id,
        c1_0.code,
        c1_0.display_order,
        c1_0.title_en,
        c1_0.title_ka 
    from
        chapters c1_0 
    where
        c1_0.code=?
Hibernate: 
    select
        p1_0.id,
        p1_0.chapter_id,
        p1_0.code,
        p1_0.created_at,
        p1_0.description,
        p1_0.difficulty,
        p1_0.display_order,
        p1_0.hint,
        p1_0.methodology,
        p1_0.questions,
        p1_0.title,
        p1_0.updated_at 
    from
        problems p1_0 
    where
        p1_0.code=?
Hibernate: 
    select
        p1_0.id,
        p1_0.chapter_id,
        p1_0.code,
        p1_0.created_at,
        p1_0.description,
        p1_0.difficulty,
        p1_0.display_order,
        p1_0.hint,
        p1_0.methodology,
        p1_0.questions,
        p1_0.title,
        p1_0.updated_at 
    from
        problems p1_0 
    where
        p1_0.code=?
Hibernate: 
    select
        p1_0.id,
        p1_0.chapter_id,
        p1_0.code,
        p1_0.created_at,
        p1_0.description,
        p1_0.difficulty,
        p1_0.display_order,
        p1_0.hint,
        p1_0.methodology,
        p1_0.questions,
        p1_0.title,
        p1_0.updated_at 
    from
        problems p1_0 
    where
        p1_0.code=?
Hibernate: 
    select
        p1_0.id,
        p1_0.chapter_id,
        p1_0.code,
        p1_0.created_at,
        p1_0.description,
        p1_0.difficulty,
        p1_0.display_order,
        p1_0.hint,
        p1_0.methodology,
        p1_0.questions,
        p1_0.title,
        p1_0.updated_at 
    from
        problems p1_0 
    where
        p1_0.code=?
Hibernate: 
    select
        p1_0.id,
        p1_0.chapter_id,
        p1_0.code,
        p1_0.created_at,
        p1_0.description,
        p1_0.difficulty,
        p1_0.display_order,
        p1_0.hint,
        p1_0.methodology,
        p1_0.questions,
        p1_0.title,
        p1_0.updated_at 
    from
        problems p1_0 
    where
        p1_0.code=?
Hibernate: 
    select
        p1_0.id,
        p1_0.chapter_id,
        p1_0.code,
        p1_0.created_at,
        p1_0.description,
        p1_0.difficulty,
        p1_0.display_order,
        p1_0.hint,
        p1_0.methodology,
        p1_0.questions,
        p1_0.title,
        p1_0.updated_at 
    from
        problems p1_0 
    where
        p1_0.code=?
Hibernate: 
    select
        p1_0.id,
        p1_0.chapter_id,
        p1_0.code,
        p1_0.created_at,
        p1_0.description,
        p1_0.difficulty,
        p1_0.display_order,
        p1_0.hint,
        p1_0.methodology,
        p1_0.questions,
        p1_0.title,
        p1_0.updated_at 
    from
        problems p1_0 
    where
        p1_0.code=?
Hibernate: 
    select
        p1_0.id,
        p1_0.chapter_id,
        p1_0.code,
        p1_0.created_at,
        p1_0.description,
        p1_0.difficulty,
        p1_0.display_order,
        p1_0.hint,
        p1_0.methodology,
        p1_0.questions,
        p1_0.title,
        p1_0.updated_at 
    from
        problems p1_0 
    where
        p1_0.code=?
Hibernate: 
    select
        p1_0.id,
        p1_0.chapter_id,
        p1_0.code,
        p1_0.created_at,
        p1_0.description,
        p1_0.difficulty,
        p1_0.display_order,
        p1_0.hint,
        p1_0.methodology,
        p1_0.questions,
        p1_0.title,
        p1_0.updated_at 
    from
        problems p1_0 
    where
        p1_0.code=?
Hibernate: 
    select
        p1_0.id,
        p1_0.chapter_id,
        p1_0.code,
        p1_0.created_at,
        p1_0.description,
        p1_0.difficulty,
        p1_0.display_order,
        p1_0.hint,
        p1_0.methodology,
        p1_0.questions,
        p1_0.title,
        p1_0.updated_at 
    from
        problems p1_0 
    where
        p1_0.code=?
Hibernate: 
    select
        p1_0.id,
        p1_0.chapter_id,
        p1_0.code,
        p1_0.created_at,
        p1_0.description,
        p1_0.difficulty,
        p1_0.display_order,
        p1_0.hint,
        p1_0.methodology,
        p1_0.questions,
        p1_0.title,
        p1_0.updated_at 
    from
        problems p1_0 
    where
        p1_0.code=?
Hibernate: 
    select
        p1_0.id,
        p1_0.chapter_id,
        p1_0.code,
        p1_0.created_at,
        p1_0.description,
        p1_0.difficulty,
        p1_0.display_order,
        p1_0.hint,
        p1_0.methodology,
        p1_0.questions,
        p1_0.title,
        p1_0.updated_at 
    from
        problems p1_0 
    where
        p1_0.code=?
Hibernate: 
    select
        p1_0.id,
        p1_0.chapter_id,
        p1_0.code,
        p1_0.created_at,
        p1_0.description,
        p1_0.difficulty,
        p1_0.display_order,
        p1_0.hint,
        p1_0.methodology,
        p1_0.questions,
        p1_0.title,
        p1_0.updated_at 
    from
        problems p1_0 
    where
        p1_0.code=?
Hibernate: 
    select
        p1_0.id,
        p1_0.chapter_id,
        p1_0.code,
        p1_0.created_at,
        p1_0.description,
        p1_0.difficulty,
        p1_0.display_order,
        p1_0.hint,
        p1_0.methodology,
        p1_0.questions,
        p1_0.title,
        p1_0.updated_at 
    from
        problems p1_0 
    where
        p1_0.code=?
ST chapter problems seeded (14).
Hibernate: 
    select
        c1_0.id,
        c1_0.code,
        c1_0.display_order,
        c1_0.title_en,
        c1_0.title_ka 
    from
        chapters c1_0 
    where
        c1_0.code=?
Hibernate: 
    select
        p1_0.id,
        p1_0.chapter_id,
        p1_0.code,
        p1_0.created_at,
        p1_0.description,
        p1_0.difficulty,
        p1_0.display_order,
        p1_0.hint,
        p1_0.methodology,
        p1_0.questions,
        p1_0.title,
        p1_0.updated_at 
    from
        problems p1_0 
    where
        p1_0.code=?
Hibernate: 
    select
        p1_0.id,
        p1_0.chapter_id,
        p1_0.code,
        p1_0.created_at,
        p1_0.description,
        p1_0.difficulty,
        p1_0.display_order,
        p1_0.hint,
        p1_0.methodology,
        p1_0.questions,
        p1_0.title,
        p1_0.updated_at 
    from
        problems p1_0 
    where
        p1_0.code=?
Hibernate: 
    insert 
    into
        problems
        (chapter_id, code, created_at, description, difficulty, display_order, hint, methodology, questions, title, updated_at) 
    values
        (?, ?, ?, ?, ?, ?, ?, ?, ?, ?, ?)
CP chapter problems seeded (2).
]]></system-out>
    <system-err><![CDATA[WARNING: A Java agent has been loaded dynamically (/home/lela/.m2/repository/net/bytebuddy/byte-buddy-agent/1.14.10/byte-buddy-agent-1.14.10.jar)
WARNING: If a serviceability tool is in use, please run with -XX:+EnableDynamicAgentLoading to hide this warning
WARNING: If a serviceability tool is not in use, please run with -Djdk.instrument.traceUsage for more information
WARNING: Dynamic loading of agents will be disallowed by default in a future release
]]></system-err>
  </testcase>
  <testcase name="cpL12DischargeRunsTransientWithDecay" classname="com.example.circuit_simulator.TranSimulationTest" time="0.041"/>
  <testcase name="cpL12PressedIsChargeTransientWithRisingCurrent" classname="com.example.circuit_simulator.TranSimulationTest" time="0.033"/>
  <testcase name="cpL12IdleIsDcWithLedOff" classname="com.example.circuit_simulator.TranSimulationTest" time="0.017"/>
  <testcase name="cpL11DischargeRunsTransientWithDecay" classname="com.example.circuit_simulator.TranSimulationTest" time="0.062"/>
  <testcase name="cpL11IdleIsDcWithLedOff" classname="com.example.circuit_simulator.TranSimulationTest" time="0.015"/>
  <testcase name="cpL11PressedIsDcWithLedOn" classname="com.example.circuit_simulator.TranSimulationTest" time="0.015"/>
</testsuite>