<?xml version="1.0" encoding="UTF-8"?>
<testsuite xmlns:xsi="http://www.w3.org/2001/XMLSchema-instance" xsi:noNamespaceSchemaLocation="https://maven.apache.org/surefire/maven-surefire-plugin/xsd/surefire-test-report-3.0.xsd" version="3.0" name="com.example.circuit_simulator.L27IcDebugTest" time="6.207" tests="1" errors="0" skipped="0" failures="0">
  <properties>
[...]
</properties>
  <testcase name="dumpPriorAndIc" classname="com.example.circuit_simulator.L27IcDebugTest" time="0.516">
    <system-out><![CDATA[19:05:16.276 [main] INFO org.springframework.test.context.support.AnnotationConfigContextLoaderUtils -- Could not detect default configuration classes for test class [com.example.circuit_simulator.L27IcDebugTest]: L27IcDebugTest does not declare any static, non-private, non-final, nested classes annotated with @Configuration.
19:05:16.386 [main] INFO org.springframework.boot.test.context.SpringBootTestContextBootstrapper -- Found @SpringBootConfiguration com.example.circuit_simulator.CircuitSimulatorApplication for test class com.example.circuit_simulator.L27IcDebugTest

  .   ____          _            __ _ _
 /\\ / ___'_ __ _ _(_)_ __  __ _ \ \ \ \
( ( )\___ | '_ | '_| | '_ \/ _` | \ \ \ \
 \\/  ___)| |_)| | | | | || (_| |  ) ) ) )
  '  |____| .__|_| |_|_| |_\__, | / / / /
 =========|_|==============|___/=/_/_/_/
 :: Spring Boot ::                (v3.2.0)

2026-07-17T19:05:16.750+04:00  INFO 119370 --- [circuit-simulator] [           main] c.e.circuit_simulator.L27IcDebugTest     : Starting L27IcDebugTest using Java 21.0.11 with PID 119370 (started by sandro in /home/sandro/final-project/interactive-circuit-platform/backend)
2026-07-17T19:05:16.751+04:00  INFO 119370 --- [circuit-simulator] [           main] c.e.circuit_simulator.L27IcDebugTest     : No active profile set, falling back to 1 default profile: "default"
2026-07-17T19:05:17.540+04:00  INFO 119370 --- [circuit-simulator] [           main] .s.d.r.c.RepositoryConfigurationDelegate : Bootstrapping Spring Data JPA repositories in DEFAULT mode.
2026-07-17T19:05:17.620+04:00  INFO 119370 --- [circuit-simulator] [           main] .s.d.r.c.RepositoryConfigurationDelegate : Finished Spring Data repository scanning in 71 ms. Found 6 JPA repository interfaces.
2026-07-17T19:05:18.120+04:00  INFO 119370 --- [circuit-simulator] [           main] o.hibernate.jpa.internal.util.LogHelper  : HHH000204: Processing PersistenceUnitInfo [name: default]
2026-07-17T19:05:18.163+04:00  INFO 119370 --- [circuit-simulator] [           main] org.hibernate.Version                    : HHH000412: Hibernate ORM core version 6.3.1.Final
2026-07-17T19:05:18.188+04:00  INFO 119370 --- [circuit-simulator] [           main] o.h.c.internal.RegionFactoryInitiator    : HHH000026: Second-level cache disabled
2026-07-17T19:05:18.286+04:00  INFO 119370 --- [circuit-simulator] [           main] com.zaxxer.hikari.HikariDataSource       : HikariPool-1 - Starting...
2026-07-17T19:05:18.484+04:00  INFO 119370 --- [circuit-simulator] [           main] com.zaxxer.hikari.pool.HikariPool        : HikariPool-1 - Added connection org.postgresql.jdbc.PgConnection@61d60e38
2026-07-17T19:05:18.485+04:00  INFO 119370 --- [circuit-simulator] [           main] com.zaxxer.hikari.HikariDataSource       : HikariPool-1 - Start completed.
2026-07-17T19:05:18.744+04:00  INFO 119370 --- [circuit-simulator] [           main] o.s.o.j.p.SpringPersistenceUnitInfo      : No LoadTimeWeaver setup: ignoring JPA class transformer
2026-07-17T19:05:19.639+04:00  INFO 119370 --- [circuit-simulator] [           main] o.h.e.t.j.p.i.JtaPlatformInitiator       : HHH000489: No JTA platform available (set 'hibernate.transaction.jta.platform' to enable JTA platform integration)
2026-07-17T19:05:19.748+04:00  INFO 119370 --- [circuit-simulator] [           main] j.LocalContainerEntityManagerFactoryBean : Initialized JPA EntityManagerFactory for persistence unit 'default'
2026-07-17T19:05:20.140+04:00  INFO 119370 --- [circuit-simulator] [           main] o.s.d.j.r.query.QueryEnhancerFactory     : Hibernate is in classpath; If applicable, HQL parser will be used.
2026-07-17T19:05:20.842+04:00  WARN 119370 --- [circuit-simulator] [           main] JpaBaseConfiguration$JpaWebConfiguration : spring.jpa.open-in-view is enabled by default. Therefore, database queries may be performed during view rendering. Explicitly configure spring.jpa.open-in-view to disable this warning
2026-07-17T19:05:20.866+04:00  WARN 119370 --- [circuit-simulator] [           main] .s.s.UserDetailsServiceAutoConfiguration : 

Using generated security password: 30debef8-1bf7-41ec-8deb-6983ca19feb9

This generated password is for development use only. Your security configuration must be updated before running your application in production.

2026-07-17T19:05:21.134+04:00  INFO 119370 --- [circuit-simulator] [           main] o.s.s.web.DefaultSecurityFilterChain     : Will secure any request with [org.springframework.security.web.session.DisableEncodeUrlFilter@42fe9099, org.springframework.security.web.context.request.async.WebAsyncManagerIntegrationFilter@4437af21, org.springframework.security.web.context.SecurityContextHolderFilter@425a3af5, org.springframework.security.web.header.HeaderWriterFilter@4b3ea082, org.springframework.web.filter.CorsFilter@657f1fc3, org.springframework.security.web.authentication.logout.LogoutFilter@3449cddf, org.springframework.security.web.savedrequest.RequestCacheAwareFilter@fc9313d, org.springframework.security.web.servletapi.SecurityContextHolderAwareRequestFilter@7f0b32c0, org.springframework.security.web.authentication.AnonymousAuthenticationFilter@6a0ca728, org.springframework.security.web.access.ExceptionTranslationFilter@10522dfd, org.springframework.security.web.access.intercept.AuthorizationFilter@7ecf001f]
2026-07-17T19:05:21.475+04:00  INFO 119370 --- [circuit-simulator] [           main] c.e.circuit_simulator.L27IcDebugTest     : Started L27IcDebugTest in 4.98 seconds (process running for 6.012)
Hibernate: 
    select
        count(*) 
    from
        chapters c1_0
Hibernate: 
    select
        c1_0.id,
        c1_0.code,
        c1_0.display_order,
        c1_0.title_en,
        c1_0.title_ka 
    from
        chapters c1_0 
    where
        c1_0.code=?
Hibernate: 
    select
        p1_0.id,
        p1_0.chapter_id,
        p1_0.code,
        p1_0.created_at,
        p1_0.description,
        p1_0.difficulty,
        p1_0.display_order,
        p1_0.hint,
        p1_0.methodology,
        p1_0.questions,
        p1_0.title,
        p1_0.updated_at 
    from
        problems p1_0 
    where
        p1_0.code=?
Hibernate: 
    select
        p1_0.id,
        p1_0.chapter_id,
        p1_0.code,
        p1_0.created_at,
        p1_0.description,
        p1_0.difficulty,
        p1_0.display_order,
        p1_0.hint,
        p1_0.methodology,
        p1_0.questions,
        p1_0.title,
        p1_0.updated_at 
    from
        problems p1_0 
    where
        p1_0.code=?
Hibernate: 
    select
        p1_0.id,
        p1_0.chapter_id,
        p1_0.code,
        p1_0.created_at,
        p1_0.description,
        p1_0.difficulty,
        p1_0.display_order,
        p1_0.hint,
        p1_0.methodology,
        p1_0.questions,
        p1_0.title,
        p1_0.updated_at 
    from
        problems p1_0 
    where
        p1_0.code=?
Hibernate: 
    select
        p1_0.id,
        p1_0.chapter_id,
        p1_0.code,
        p1_0.created_at,
        p1_0.description,
        p1_0.difficulty,
        p1_0.display_order,
        p1_0.hint,
        p1_0.methodology,
        p1_0.questions,
        p1_0.title,
        p1_0.updated_at 
    from
        problems p1_0 
    where
        p1_0.code=?
Hibernate: 
    select
        p1_0.id,
        p1_0.chapter_id,
        p1_0.code,
        p1_0.created_at,
        p1_0.description,
        p1_0.difficulty,
        p1_0.display_order,
        p1_0.hint,
        p1_0.methodology,
        p1_0.questions,
        p1_0.title,
        p1_0.updated_at 
    from
        problems p1_0 
    where
        p1_0.code=?
Hibernate: 
    select
        p1_0.id,
        p1_0.chapter_id,
        p1_0.code,
        p1_0.created_at,
        p1_0.description,
        p1_0.difficulty,
        p1_0.display_order,
        p1_0.hint,
        p1_0.methodology,
        p1_0.questions,
        p1_0.title,
        p1_0.updated_at 
    from
        problems p1_0 
    where
        p1_0.code=?
Hibernate: 
    select
        p1_0.id,
        p1_0.chapter_id,
        p1_0.code,
        p1_0.created_at,
        p1_0.description,
        p1_0.difficulty,
        p1_0.display_order,
        p1_0.hint,
        p1_0.methodology,
        p1_0.questions,
        p1_0.title,
        p1_0.updated_at 
    from
        problems p1_0 
    where
        p1_0.code=?
Hibernate: 
    select
        p1_0.id,
        p1_0.chapter_id,
        p1_0.code,
        p1_0.created_at,
        p1_0.description,
        p1_0.difficulty,
        p1_0.display_order,
        p1_0.hint,
        p1_0.methodology,
        p1_0.questions,
        p1_0.title,
        p1_0.updated_at 
    from
        problems p1_0 
    where
        p1_0.code=?
Hibernate: 
    select
        p1_0.id,
        p1_0.chapter_id,
        p1_0.code,
        p1_0.created_at,
        p1_0.description,
        p1_0.difficulty,
        p1_0.display_order,
        p1_0.hint,
        p1_0.methodology,
        p1_0.questions,
        p1_0.title,
        p1_0.updated_at 
    from
        problems p1_0 
    where
        p1_0.code=?
Hibernate: 
    select
        p1_0.id,
        p1_0.chapter_id,
        p1_0.code,
        p1_0.created_at,
        p1_0.description,
        p1_0.difficulty,
        p1_0.display_order,
        p1_0.hint,
        p1_0.methodology,
        p1_0.questions,
        p1_0.title,
        p1_0.updated_at 
    from
        problems p1_0 
    where
        p1_0.code=?
Hibernate: 
    select
        p1_0.id,
        p1_0.chapter_id,
        p1_0.code,
        p1_0.created_at,
        p1_0.description,
        p1_0.difficulty,
        p1_0.display_order,
        p1_0.hint,
        p1_0.methodology,
        p1_0.questions,
        p1_0.title,
        p1_0.updated_at 
    from
        problems p1_0 
    where
        p1_0.code=?
Hibernate: 
    select
        p1_0.id,
        p1_0.chapter_id,
        p1_0.code,
        p1_0.created_at,
        p1_0.description,
        p1_0.difficulty,
        p1_0.display_order,
        p1_0.hint,
        p1_0.methodology,
        p1_0.questions,
        p1_0.title,
        p1_0.updated_at 
    from
        problems p1_0 
    where
        p1_0.code=?
Hibernate: 
    select
        p1_0.id,
        p1_0.chapter_id,
        p1_0.code,
        p1_0.created_at,
        p1_0.description,
        p1_0.difficulty,
        p1_0.display_order,
        p1_0.hint,
        p1_0.methodology,
        p1_0.questions,
        p1_0.title,
        p1_0.updated_at 
    from
        problems p1_0 
    where
        p1_0.code=?
Hibernate: 
    select
        p1_0.id,
        p1_0.chapter_id,
        p1_0.code,
        p1_0.created_at,
        p1_0.description,
        p1_0.difficulty,
        p1_0.display_order,
        p1_0.hint,
        p1_0.methodology,
        p1_0.questions,
        p1_0.title,
        p1_0.updated_at 
    from
        problems p1_0 
    where
        p1_0.code=?
ST chapter problems seeded (14).
Hibernate: 
    select
        c1_0.id,
        c1_0.code,
        c1_0.display_order,
        c1_0.title_en,
        c1_0.title_ka 
    from
        chapters c1_0 
    where
        c1_0.code=?
Hibernate: 
    select
        p1_0.id,
        p1_0.chapter_id,
        p1_0.code,
        p1_0.created_at,
        p1_0.description,
        p1_0.difficulty,
        p1_0.display_order,
        p1_0.hint,
        p1_0.methodology,
        p1_0.questions,
        p1_0.title,
        p1_0.updated_at 
    from
        problems p1_0 
    where
        p1_0.code=?
Hibernate: 
    select
        p1_0.id,
        p1_0.chapter_id,
        p1_0.code,
        p1_0.created_at,
        p1_0.description,
        p1_0.difficulty,
        p1_0.display_order,
        p1_0.hint,
        p1_0.methodology,
        p1_0.questions,
        p1_0.title,
        p1_0.updated_at 
    from
        problems p1_0 
    where
        p1_0.code=?
Hibernate: 
    select
        p1_0.id,
        p1_0.chapter_id,
        p1_0.code,
        p1_0.created_at,
        p1_0.description,
        p1_0.difficulty,
        p1_0.display_order,
        p1_0.hint,
        p1_0.methodology,
        p1_0.questions,
        p1_0.title,
        p1_0.updated_at 
    from
        problems p1_0 
    where
        p1_0.code=?
Hibernate: 
    select
        p1_0.id,
        p1_0.chapter_id,
        p1_0.code,
        p1_0.created_at,
        p1_0.description,
        p1_0.difficulty,
        p1_0.display_order,
        p1_0.hint,
        p1_0.methodology,
        p1_0.questions,
        p1_0.title,
        p1_0.updated_at 
    from
        problems p1_0 
    where
        p1_0.code=?
Hibernate: 
    select
        p1_0.id,
        p1_0.chapter_id,
        p1_0.code,
        p1_0.created_at,
        p1_0.description,
        p1_0.difficulty,
        p1_0.display_order,
        p1_0.hint,
        p1_0.methodology,
        p1_0.questions,
        p1_0.title,
        p1_0.updated_at 
    from
        problems p1_0 
    where
        p1_0.code=?
Hibernate: 
    select
        p1_0.id,
        p1_0.chapter_id,
        p1_0.code,
        p1_0.created_at,
        p1_0.description,
        p1_0.difficulty,
        p1_0.display_order,
        p1_0.hint,
        p1_0.methodology,
        p1_0.questions,
        p1_0.title,
        p1_0.updated_at 
    from
        problems p1_0 
    where
        p1_0.code=?
Hibernate: 
    select
        p1_0.id,
        p1_0.chapter_id,
        p1_0.code,
        p1_0.created_at,
        p1_0.description,
        p1_0.difficulty,
        p1_0.display_order,
        p1_0.hint,
        p1_0.methodology,
        p1_0.questions,
        p1_0.title,
        p1_0.updated_at 
    from
        problems p1_0 
    where
        p1_0.code=?
CP chapter problems seeded (7).
--- PRIOR DC (slide right) ---
@c_cap1[i] = 0.0
@d_led_g[id] = 0.001497045
@d_led_r[id] = -4.55721E-7
@r_gnd_a2[i] = 6.0E-12
@r_gnd_c5[i] = -4.50251E-12
@r_gnd_c7[i] = -1.49749E-20
@r_gnd_d3[i] = -6.0E-12
@r_gnd_e2[i] = -6.0E-12
@r_gnd_f5[i] = -4.50251E-12
@r_r1[i] = -0.00149749
@r_r2[i] = -4.50251E-12
@r_slide1_l[i] = -1.2E-11
@r_slide1_r[i] = 0.001497487
@r_sw1[i] = -0.00149749
v(a2) = 6.0
v(c5) = -4.50251
v(c7) = -1.49749E-8
v(d3) = -6.0
v(e2) = -6.0
v(f5) = -4.50251
v_ps1#branch = -1.8E-11
v_ps2#branch = -0.00149749
--- NETLIST HEAD ---
* auto-generated transient circuit
V_ps1 A2 0 DC 6
V_ps2 0 E2 DC 6
R_slide1_L D3 A2 0.00001
R_slide1_R D3 E2 1e12
R_r1 D3 C5 1000
R_r2 C5 F5 1000
D_led_r C5 C7 LEDMODEL_RED
D_led_g C7 C5 LEDMODEL_GREEN
C_cap1 C7 F5 470u
Vctrl_sw1 ctrl_sw1 0 PWL(0 6 4.000000 6)
S_sw1 C7 0 ctrl_sw1 0 SW_BTN
R_GND_A2 A2 0 1e12
R_GND_C5 C5 0 1e12
R_GND_C7 C7 0 1e12
R_GND_ctrl_sw1 ctrl_sw1 0 1e12
R_GND_E2 E2 0 1e12
R_GND_D3 D3 0 1e12
R_GND_F5 F5 0 1e12
.model DIODE_MODEL    D (IS=1e-10 N=1.0  RS=1  BV=100)
.model LEDMODEL_RED   D (IS=1e-30 N=2.5  RS=3  BV=5)
.model LEDMODEL_GREEN D (IS=1e-40 N=3.0  RS=3  BV=5)
.model LEDMODEL_BLUE  D (IS=1e-50 N=3.5  RS=3  BV=5)
.model NPN_MODEL NPN (IS=1e-14 BF=150 VAF=100 IKF=0.3 RC=0.1)
.model PNP_MODEL PNP (IS=1e-14 BF=150 VAF=100 IKF=0.3 RC=0.1)
.model NPN_DARLINGTON NPN (IS=1e-14 BF=5000 VAF=100 IKF=0.3 RC=0.1)
.model PNP_DARLINGTON PNP (IS=1e-14 BF=5000 VAF=100 IKF=0.3 RC=0.1)
.model SW_BTN SW(Ron=1e-5 Roff=1e12 Vt=2.5 Vh=-0.5)
.options savecurrents
* initial conditions from prior DC state
.ic v(A2)=6.000000
.ic v(E2)=-6.000000
.ic v(D3)=-6.000000
.ic v(C5)=-4.502510
.ic v(F5)=-4.502510
.ic v(C7)=-0.000000

.control
tran 0.005000 4.000000 uic
wrdata tran_out.txt @d_led_r[id] @d_led_g[id
]]></system-out>
    <system-err><![CDATA[WARNING: A Java agent has been loaded dynamically (/home/sandro/.m2/repository/net/bytebuddy/byte-buddy-agent/1.14.10/byte-buddy-agent-1.14.10.jar)
WARNING: If a serviceability tool is in use, please run with -XX:+EnableDynamicAgentLoading to hide this warning
WARNING: If a serviceability tool is not in use, please run with -Djdk.instrument.traceUsage for more information
WARNING: Dynamic loading of agents will be disallowed by default in a future release
]]></system-err>
  </testcase>
</testsuite>